[32m[I 2022-06-19 01:45:08,085][0m Trial 70 finished with value: 0.7860000000000001 and parameters: {'lr': 0.00266083307980177, 'weight_decay': 0.0025890193210650323, 'dropout': 0.6810967097618248, 'patience': 165, 'rf': 300, 'dim': 144, 'add-rate': 0.33937947387669914, 'tem': 0.9654928689141666, 'consis-rate': 1.0996886354791313}. Best is trial 11 with value: 0.7921000000000001.[0m
[32m[I 2022-06-19 02:10:51,913][0m Trial 71 finished with value: 0.7844000000000001 and parameters: {'lr': 0.0022294299602851984, 'weight_decay': 0.0014751789908244322, 'dropout': 0.6735793453579297, 'patience': 180, 'rf': 200, 'dim': 152, 'add-rate': 0.38638248650028656, 'tem': 1.032681982295625, 'consis-rate': 1.1741178751457906}. Best is trial 11 with value: 0.7921000000000001.[0m
[32m[I 2022-06-19 02:34:27,692][0m Trial 72 finished with value: 0.7897000000000001 and parameters: {'lr': 0.002366526583798799, 'weight_decay': 0.002262012929913796, 'dropout': 0.6804932696625441, 'patience': 150, 'rf': 250, 'dim': 160, 'add-rate': 0.3699334623702219, 'tem': 0.9933589968898228, 'consis-rate': 1.1893342530823179}. Best is trial 11 with value: 0.7921000000000001.[0m

mean: 0.7895000000000001
[0.787 0.779 0.796 0.777 0.795 0.79  0.799 0.79  0.793 0.789]
cur_param: {'lr': 0.0023967389557591596, 'weight-decay': 0.0024532846290747394, 'dropout': 0.6922540158110498, 'patience': 165, 'lr-reduce-freq': 250, 'dim': 96, 'add-rate': 0.3610053507989999, 'tem': 1.1551665199417882, 'consis-rate': 1.0935702263429652}
mean: 0.7868000000000002
[0.791 0.776 0.791 0.776 0.789 0.779 0.797 0.785 0.794 0.79 ]
cur_param: {'lr': 0.00232805295839184, 'weight-decay': 0.0022237748153456226, 'dropout': 0.6537088797434549, 'patience': 180, 'lr-reduce-freq': 250, 'dim': 168, 'add-rate': 0.34525742812437277, 'tem': 1.081956431367212, 'consis-rate': 1.1490916774663051}
mean: 0.7857000000000001
[0.784 0.779 0.79  0.774 0.79  0.789 0.791 0.78  0.791 0.789]
cur_param: {'lr': 0.0027001873985422883, 'weight-decay': 0.0012919781932345302, 'dropout': 0.6742586237399024, 'patience': 180, 'lr-reduce-freq': 200, 'dim': 144, 'add-rate': 0.4114602813872225, 'tem': 0.925481426579804, 'consis-rate': 1.1864302340956565}
mean: 0.7879
[0.785 0.791 0.791 0.785 0.789 0.776 0.788 0.788 0.796 0.79 ]
cur_param: {'lr': 0.00278296431868375, 'weight-decay': 0.002024756799485745, 'dropout': 0.6937260052096927, 'patience': 165, 'lr-reduce-freq': 225, 'dim': 152, 'add-rate': 0.40206878185445205, 'tem': 1.0052670395893128, 'consis-rate': 1.0033148035489274}
mean: 0.7867999999999999
[0.782 0.786 0.788 0.782 0.787 0.788 0.785 0.791 0.792 0.787]
cur_param: {'lr': 0.002570738480041451, 'weight-decay': 0.0018518661164822912, 'dropout': 0.6853489256738127, 'patience': 180, 'lr-reduce-freq': 275, 'dim': 136, 'add-rate': 0.39579345974940605, 'tem': 1.1115453490552571, 'consis-rate': 1.0607071324111481}
mean: 0.7884
[0.789 0.79  0.786 0.785 0.79  0.786 0.785 0.784 0.792 0.797]
cur_param: {'lr': 0.0029979759590306214, 'weight-decay': 0.0016631929974410483, 'dropout': 0.6674645373054295, 'patience': 60, 'lr-reduce-freq': 300, 'dim': 128, 'add-rate': 0.32887319840430707, 'tem': 0.9447639651557711, 'consis-rate': 1.1177559521856375}
mean: 0.7856
[0.781 0.781 0.793 0.772 0.796 0.781 0.787 0.785 0.793 0.787]
cur_param: {'lr': 0.002510699894424295, 'weight-decay': 0.0010078644341800205, 'dropout': 0.5021230721157449, 'patience': 150, 'lr-reduce-freq': 225, 'dim': 152, 'add-rate': 0.41904156060767056, 'tem': 0.96821828597887, 'consis-rate': 1.0372775952061297}
mean: 0.7869999999999999
[0.779 0.794 0.789 0.784 0.789 0.784 0.789 0.789 0.787 0.786]
cur_param: {'lr': 0.002855049764267697, 'weight-decay': 0.0011333404169960844, 'dropout': 0.6379560864150715, 'patience': 165, 'lr-reduce-freq': 275, 'dim': 144, 'add-rate': 0.4347125465905949, 'tem': 1.1305592784876008, 'consis-rate': 1.153955275996993}
mean: 0.7866000000000001
[0.782 0.792 0.791 0.783 0.788 0.776 0.783 0.789 0.795 0.787]
cur_param: {'lr': 0.002254286062610611, 'weight-decay': 0.002116137139631827, 'dropout': 0.6926680126234124, 'patience': 180, 'lr-reduce-freq': 250, 'dim': 160, 'add-rate': 0.38352411308839374, 'tem': 0.992174911390802, 'consis-rate': 1.1357147352386687}
mean: 0.7918000000000001
[0.797 0.791 0.791 0.789 0.794 0.782 0.8   0.793 0.796 0.785]
cur_param: {'lr': 0.002252761084491642, 'weight-decay': 0.0021291824961557934, 'dropout': 0.6997516423903599, 'patience': 180, 'lr-reduce-freq': 250, 'dim': 168, 'add-rate': 0.38060982646318703, 'tem': 1.0005105111569788, 'consis-rate': 1.1365958503988}
mean: 0.7869
[0.778 0.787 0.793 0.789 0.794 0.775 0.788 0.786 0.791 0.788]
cur_param: {'lr': 0.002358652382762805, 'weight-decay': 0.001959788711743587, 'dropout': 0.6801824525440806, 'patience': 150, 'lr-reduce-freq': 250, 'dim': 160, 'add-rate': 0.37113251515674445, 'tem': 0.9859083838837639, 'consis-rate': 1.187242051753844}
mean: 0.7896
[0.786 0.781 0.788 0.788 0.793 0.785 0.794 0.796 0.797 0.788]
cur_param: {'lr': 0.002300624134269997, 'weight-decay': 0.002315978853528573, 'dropout': 0.6298490888978049, 'patience': 165, 'lr-reduce-freq': 250, 'dim': 176, 'add-rate': 0.3489785320342379, 'tem': 1.0591374235718145, 'consis-rate': 1.167094114753426}
mean: 0.788
[0.785 0.791 0.787 0.782 0.791 0.787 0.786 0.791 0.792 0.788]
cur_param: {'lr': 0.0024623307250008653, 'weight-decay': 0.002197444258374572, 'dropout': 0.6906423767151721, 'patience': 180, 'lr-reduce-freq': 275, 'dim': 144, 'add-rate': 0.3342234965992786, 'tem': 0.9537765162989937, 'consis-rate': 1.109048918668475}
mean: 0.7853000000000001
[0.784 0.793 0.79  0.785 0.788 0.772 0.785 0.787 0.79  0.779]
cur_param: {'lr': 0.00224532584457035, 'weight-decay': 0.0014384676459263822, 'dropout': 0.6739544544907211, 'patience': 180, 'lr-reduce-freq': 200, 'dim': 152, 'add-rate': 0.3853457517317086, 'tem': 1.041000661782138, 'consis-rate': 1.1688117024478648}
mean: 0.7896
[0.789 0.787 0.79  0.783 0.796 0.79  0.783 0.794 0.795 0.789]
cur_param: {'lr': 0.002401059311312079, 'weight-decay': 0.0024000532995323213, 'dropout': 0.5897517754200952, 'patience': 180, 'lr-reduce-freq': 250, 'dim': 104, 'add-rate': 0.4078142381901244, 'tem': 0.9260020985511446, 'consis-rate': 1.0724948031259491}
mean: 0.7866000000000001
[0.786 0.794 0.783 0.786 0.792 0.773 0.786 0.791 0.783 0.792]
cur_param: {'lr': 0.0021587617204634297, 'weight-decay': 0.002097987367539685, 'dropout': 0.666979268709787, 'patience': 165, 'lr-reduce-freq': 225, 'dim': 136, 'add-rate': 0.3168777227315042, 'tem': 0.8954219620143862, 'consis-rate': 1.1281523803422806}
mean: 0.7871
[0.786 0.792 0.791 0.78  0.79  0.781 0.781 0.787 0.79  0.793]
cur_param: {'lr': 0.002204337140839319, 'weight-decay': 0.0013161282234454164, 'dropout': 0.6851813312069333, 'patience': 75, 'lr-reduce-freq': 225, 'dim': 160, 'add-rate': 0.30656583170217977, 'tem': 0.9445935417184141, 'consis-rate': 1.1558443948846666}
mean: 0.7877000000000001
[0.781 0.783 0.796 0.784 0.788 0.787 0.792 0.79  0.799 0.777]
cur_param: {'lr': 0.0022821346344015798, 'weight-decay': 0.0017965490340097095, 'dropout': 0.69447645638351, 'patience': 180, 'lr-reduce-freq': 275, 'dim': 192, 'add-rate': 0.43076062795540654, 'tem': 1.1069984968174185, 'consis-rate': 1.1919653425196348}
mean: 0.7871
[0.795 0.781 0.79  0.79  0.783 0.787 0.783 0.787 0.785 0.79 ]
cur_param: {'lr': 0.002321807305844856, 'weight-decay': 0.001615488108748879, 'dropout': 0.6614048357572301, 'patience': 165, 'lr-reduce-freq': 250, 'dim': 168, 'add-rate': 0.35611698064895425, 'tem': 1.0810198989225552, 'consis-rate': 1.0861087279351018}
mean: 0.7878000000000001
[0.784 0.788 0.793 0.776 0.788 0.782 0.792 0.79  0.796 0.789]
cur_param: {'lr': 0.0024344587036091423, 'weight-decay': 0.0018990618930066095, 'dropout': 0.6465048880305888, 'patience': 105, 'lr-reduce-freq': 275, 'dim': 152, 'add-rate': 0.32539159655736827, 'tem': 1.1676350780236788, 'consis-rate': 1.1433747820486946}
mean: 0.786
[0.782 0.785 0.787 0.776 0.792 0.786 0.793 0.774 0.798 0.787]
cur_param: {'lr': 0.0023867873511664826, 'weight-decay': 0.002018498235676639, 'dropout': 0.6726368153956511, 'patience': 180, 'lr-reduce-freq': 250, 'dim': 160, 'add-rate': 0.38912283260635044, 'tem': 0.9110739193076342, 'consis-rate': 1.170795012058111}
mean: 0.7866000000000001
[0.778 0.781 0.79  0.789 0.792 0.781 0.796 0.789 0.793 0.777]
cur_param: {'lr': 0.00266083307980177, 'weight-decay': 0.0025890193210650323, 'dropout': 0.6810967097618248, 'patience': 165, 'lr-reduce-freq': 300, 'dim': 144, 'add-rate': 0.33937947387669914, 'tem': 0.9654928689141666, 'consis-rate': 1.0996886354791313}
mean: 0.7860000000000001
[0.782 0.795 0.785 0.78  0.784 0.78  0.785 0.787 0.796 0.786]
cur_param: {'lr': 0.0022294299602851984, 'weight-decay': 0.0014751789908244322, 'dropout': 0.6735793453579297, 'patience': 180, 'lr-reduce-freq': 200, 'dim': 152, 'add-rate': 0.38638248650028656, 'tem': 1.032681982295625, 'consis-rate': 1.1741178751457906}
mean: 0.7844000000000001
[0.78  0.787 0.79  0.77  0.788 0.782 0.783 0.781 0.799 0.784]
cur_param: {'lr': 0.002366526583798799, 'weight-decay': 0.002262012929913796, 'dropout': 0.6804932696625441, 'patience': 150, 'lr-reduce-freq': 250, 'dim': 160, 'add-rate': 0.3699334623702219, 'tem': 0.9933589968898228, 'consis-rate': 1.1893342530823179}
mean: 0.7897000000000001
[0.78  0.785 0.793 0.779 0.795 0.785 0.797 0.796 0.797 0.79 ]
cur_param: {'lr': 0.002343258767083409, 'weight-decay': 0.0022968468617085907, 'dropout': 0.687049799776978, 'patience': 150, 'lr-reduce-freq': 250, 'dim': 184, 'add-rate': 0.3740173223961168, 'tem': 1.013200931581235, 'consis-rate': 1.1878595429577596}[32m[I 2022-06-19 02:59:25,118][0m Trial 73 finished with value: 0.7872000000000001 and parameters: {'lr': 0.002343258767083409, 'weight_decay': 0.0022968468617085907, 'dropout': 0.687049799776978, 'patience': 150, 'rf': 250, 'dim': 184, 'add-rate': 0.3740173223961168, 'tem': 1.013200931581235, 'consis-rate': 1.1878595429577596}. Best is trial 11 with value: 0.7921000000000001.[0m
[32m[I 2022-06-19 03:24:15,515][0m Trial 74 finished with value: 0.7899 and parameters: {'lr': 0.002485579557963388, 'weight_decay': 0.0023445061133726018, 'dropout': 0.6938247947124885, 'patience': 150, 'rf': 250, 'dim': 160, 'add-rate': 0.39810797510069823, 'tem': 0.9809831757457835, 'consis-rate': 1.160982238407102}. Best is trial 11 with value: 0.7921000000000001.[0m
[32m[I 2022-06-19 03:50:21,352][0m Trial 75 finished with value: 0.79 and parameters: {'lr': 0.00248658239304199, 'weight_decay': 0.002359088608182686, 'dropout': 0.6950316749723597, 'patience': 150, 'rf': 250, 'dim': 168, 'add-rate': 0.3969973114104694, 'tem': 0.9886255243772297, 'consis-rate': 1.198914216033768}. Best is trial 11 with value: 0.7921000000000001.[0m
[32m[I 2022-06-19 04:12:58,441][0m Trial 76 finished with value: 0.7858 and parameters: {'lr': 0.002469704121556223, 'weight_decay': 0.002513930272360214, 'dropout': 0.6945284699715446, 'patience': 120, 'rf': 250, 'dim': 176, 'add-rate': 0.3940141852890982, 'tem': 0.9784206831252354, 'consis-rate': 1.1995079750378395}. Best is trial 11 with value: 0.7921000000000001.[0m
[32m[I 2022-06-19 04:36:41,582][0m Trial 77 finished with value: 0.7878000000000001 and parameters: {'lr': 0.0024105653475412947, 'weight_decay': 0.0023686746323225453, 'dropout': 0.6913530558783699, 'patience': 135, 'rf': 250, 'dim': 168, 'add-rate': 0.40770793860976196, 'tem': 1.127305817454586, 'consis-rate': 1.159530928496379}. Best is trial 11 with value: 0.7921000000000001.[0m
[32m[I 2022-06-19 05:03:08,484][0m Trial 78 finished with value: 0.7886000000000001 and parameters: {'lr': 0.00254253441582453, 'weight_decay': 0.0021976033925844565, 'dropout': 0.6993263415521709, 'patience': 150, 'rf': 250, 'dim': 168, 'add-rate': 0.3988306031308891, 'tem': 0.9599493574299308, 'consis-rate': 1.1800186080898598}. Best is trial 11 with value: 0.7921000000000001.[0m
[32m[I 2022-06-19 05:26:56,858][0m Trial 79 finished with value: 0.7902000000000001 and parameters: {'lr': 0.002453736157819836, 'weight_decay': 0.002448160091274129, 'dropout': 0.6874718518098907, 'patience': 150, 'rf': 250, 'dim': 160, 'add-rate': 0.3598386116982483, 'tem': 1.0109739380049565, 'consis-rate': 1.162439040529248}. Best is trial 11 with value: 0.7921000000000001.[0m
[32m[I 2022-06-19 05:48:25,325][0m Trial 80 finished with value: 0.7885 and parameters: {'lr': 0.002504221331872716, 'weight_decay': 0.0026621381762281177, 'dropout': 0.6647612682155035, 'patience': 120, 'rf': 250, 'dim': 160, 'add-rate': 0.3368777674159558, 'tem': 0.9867427726686591, 'consis-rate': 1.1582639128660916}. Best is trial 11 with value: 0.7921000000000001.[0m
[32m[I 2022-06-19 06:12:04,875][0m Trial 81 finished with value: 0.7919999999999999 and parameters: {'lr': 0.002446703014086433, 'weight_decay': 0.0024421553322408265, 'dropout': 0.6858826371864838, 'patience': 150, 'rf': 250, 'dim': 160, 'add-rate': 0.3614459248833138, 'tem': 1.0172479862374744, 'consis-rate': 1.1438611089032569}. Best is trial 11 with value: 0.7921000000000001.[0m
[32m[I 2022-06-19 06:35:28,740][0m Trial 82 finished with value: 0.7898000000000001 and parameters: {'lr': 0.0025877761209149907, 'weight_decay': 0.0024323272219609142, 'dropout': 0.6879524630871177, 'patience': 135, 'rf': 250, 'dim': 160, 'add-rate': 0.3616597129151693, 'tem': 1.0092827872089145, 'consis-rate': 1.1402875372889594}. Best is trial 11 with value: 0.7921000000000001.[0m
[32m[I 2022-06-19 07:01:39,846][0m Trial 83 finished with value: 0.7878000000000001 and parameters: {'lr': 0.00248683653881781, 'weight_decay': 0.002472272694936534, 'dropout': 0.6946109001228137, 'patience': 150, 'rf': 250, 'dim': 168, 'add-rate': 0.3536271607390988, 'tem': 0.9364868616160879, 'consis-rate': 1.12430850815189}. Best is trial 11 with value: 0.7921000000000001.[0m
[32m[I 2022-06-19 07:27:41,913][0m Trial 84 finished with value: 0.7906 and parameters: {'lr': 0.0024399615558546115, 'weight_decay': 0.0023490665362427402, 'dropout': 0.6561435941747787, 'patience': 150, 'rf': 250, 'dim': 160, 'add-rate': 0.378090935407421, 'tem': 1.0244997197585581, 'consis-rate': 1.1761150369218913}. Best is trial 11 with value: 0.7921000000000001.[0m
[32m[I 2022-06-19 07:51:36,312][0m Trial 85 finished with value: 0.7857000000000001 and parameters: {'lr': 0.002440183037747353, 'weight_decay': 0.002553200894373264, 'dropout': 0.6563721171268043, 'patience': 135, 'rf': 250, 'dim': 152, 'add-rate': 0.3775137375110957, 'tem': 0.9945288587563049, 'consis-rate': 1.1774948549574804}. Best is trial 11 with value: 0.7921000000000001.[0m
[32m[I 2022-06-19 08:16:09,326][0m Trial 86 finished with value: 0.7893000000000001 and parameters: {'lr': 0.0024438029398298907, 'weight_decay': 0.0022334262203824833, 'dropout': 0.6405870735540865, 'patience': 150, 'rf': 250, 'dim': 160, 'add-rate': 0.3472796065733579, 'tem': 1.0324185630980558, 'consis-rate': 1.1994636014721358}. Best is trial 11 with value: 0.7921000000000001.[0m
[32m[I 2022-06-19 08:37:02,880][0m Trial 87 finished with value: 0.7876000000000001 and parameters: {'lr': 0.002532120270255718, 'weight_decay': 0.002158978109497984, 'dropout': 0.6120791747630187, 'patience': 135, 'rf': 250, 'dim': 152, 'add-rate': 0.3643304183453937, 'tem': 1.0188240352688818, 'consis-rate': 1.1491406189503186}. Best is trial 11 with value: 0.7921000000000001.[0m
[32m[I 2022-06-19 08:58:54,502][0m Trial 88 finished with value: 0.7885 and parameters: {'lr': 0.0024141487155246327, 'weight_decay': 0.0027551190528085287, 'dropout': 0.5713014092028833, 'patience': 150, 'rf': 250, 'dim': 160, 'add-rate': 0.3306301055373165, 'tem': 1.024882989119341, 'consis-rate': 1.1704889488659294}. Best is trial 11 with value: 0.7921000000000001.[0m
[32m[I 2022-06-19 09:23:59,150][0m Trial 89 finished with value: 0.7879 and parameters: {'lr': 0.00229628900333206, 'weight_decay': 0.0024091704457967107, 'dropout': 0.6707683092233971, 'patience': 135, 'rf': 250, 'dim': 168, 'add-rate': 0.3183303795573069, 'tem': 1.1406438928550353, 'consis-rate': 1.1858700556207367}. Best is trial 11 with value: 0.7921000000000001.[0m
[32m[I 2022-06-19 09:49:38,333][0m Trial 90 finished with value: 0.7874000000000001 and parameters: {'lr': 0.002455196584276636, 'weight_decay': 0.001736160103910034, 'dropout': 0.6778919039593642, 'patience': 150, 'rf': 225, 'dim': 152, 'add-rate': 0.3819563764792392, 'tem': 1.0907489631784408, 'consis-rate': 1.1471422349418763}. Best is trial 11 with value: 0.7921000000000001.[0m
[32m[I 2022-06-19 10:13:48,428][0m Trial 91 finished with value: 0.791 and parameters: {'lr': 0.0025077787234255985, 'weight_decay': 0.002346848315251136, 'dropout': 0.6852047125133617, 'patience': 150, 'rf': 250, 'dim': 160, 'add-rate': 0.3588324226484513, 'tem': 0.9808210446914142, 'consis-rate': 1.1640544376501418}. Best is trial 11 with value: 0.7921000000000001.[0m
[32m[I 2022-06-19 10:37:47,230][0m Trial 92 finished with value: 0.7853000000000001 and parameters: {'lr': 0.002551177658713894, 'weight_decay': 0.0023531061744214788, 'dropout': 0.6849316844895967, 'patience': 150, 'rf': 250, 'dim': 168, 'add-rate': 0.35954969288149485, 'tem': 0.9739676413950236, 'consis-rate': 1.1642506882218724}. Best is trial 11 with value: 0.7921000000000001.[0m
[32m[I 2022-06-19 11:03:23,803][0m Trial 93 finished with value: 0.7911 and parameters: {'lr': 0.0025082092492107267, 'weight_decay': 0.002245602472718209, 'dropout': 0.6830513138926103, 'patience': 165, 'rf': 250, 'dim': 160, 'add-rate': 0.36991406866851445, 'tem': 0.9952394095323618, 'consis-rate': 1.180813496479818}. Best is trial 11 with value: 0.7921000000000001.[0m
[32m[I 2022-06-19 11:27:54,231][0m Trial 94 finished with value: 0.7889000000000002 and parameters: {'lr': 0.002389153497752914, 'weight_decay': 0.0020737978859659057, 'dropout': 0.6787947664229257, 'patience': 165, 'rf': 250, 'dim': 160, 'add-rate': 0.3708212892789751, 'tem': 1.0071082460543301, 'consis-rate': 1.1800761811086489}. Best is trial 11 with value: 0.7921000000000001.[0m
[32m[I 2022-06-19 11:51:56,945][0m Trial 95 finished with value: 0.7885000000000001 and parameters: {'lr': 0.0025039647520135756, 'weight_decay': 0.002244809150309606, 'dropout': 0.625484069939106, 'patience': 165, 'rf': 250, 'dim': 160, 'add-rate': 0.3521026997099321, 'tem': 1.0455396493961946, 'consis-rate': 1.1378504864865115}. Best is trial 11 with value: 0.7921000000000001.[0m
