[32m[I 2022-06-19 12:17:13,529][0m Trial 96 finished with value: 0.7876999999999998 and parameters: {'lr': 0.0025777100292196913, 'weight_decay': 0.0021435186188175424, 'dropout': 0.6515284071265632, 'patience': 165, 'rf': 250, 'dim': 152, 'add-rate': 0.3428266893306881, 'tem': 1.0018492671203332, 'consis-rate': 1.1530195678473742}. Best is trial 11 with value: 0.7921000000000001.[0m

mean: 0.7872000000000001
[0.78  0.788 0.795 0.782 0.794 0.782 0.79  0.783 0.785 0.793]
cur_param: {'lr': 0.002485579557963388, 'weight-decay': 0.0023445061133726018, 'dropout': 0.6938247947124885, 'patience': 150, 'lr-reduce-freq': 250, 'dim': 160, 'add-rate': 0.39810797510069823, 'tem': 0.9809831757457835, 'consis-rate': 1.160982238407102}
mean: 0.7899
[0.785 0.783 0.794 0.787 0.794 0.783 0.795 0.792 0.798 0.788]
cur_param: {'lr': 0.00248658239304199, 'weight-decay': 0.002359088608182686, 'dropout': 0.6950316749723597, 'patience': 150, 'lr-reduce-freq': 250, 'dim': 168, 'add-rate': 0.3969973114104694, 'tem': 0.9886255243772297, 'consis-rate': 1.198914216033768}
mean: 0.79
[0.787 0.789 0.796 0.788 0.78  0.786 0.793 0.79  0.799 0.792]
cur_param: {'lr': 0.002469704121556223, 'weight-decay': 0.002513930272360214, 'dropout': 0.6945284699715446, 'patience': 120, 'lr-reduce-freq': 250, 'dim': 176, 'add-rate': 0.3940141852890982, 'tem': 0.9784206831252354, 'consis-rate': 1.1995079750378395}
mean: 0.7858
[0.784 0.793 0.777 0.778 0.792 0.779 0.787 0.782 0.796 0.79 ]
cur_param: {'lr': 0.0024105653475412947, 'weight-decay': 0.0023686746323225453, 'dropout': 0.6913530558783699, 'patience': 135, 'lr-reduce-freq': 250, 'dim': 168, 'add-rate': 0.40770793860976196, 'tem': 1.127305817454586, 'consis-rate': 1.159530928496379}
mean: 0.7878000000000001
[0.783 0.787 0.793 0.791 0.787 0.779 0.79  0.785 0.794 0.789]
cur_param: {'lr': 0.00254253441582453, 'weight-decay': 0.0021976033925844565, 'dropout': 0.6993263415521709, 'patience': 150, 'lr-reduce-freq': 250, 'dim': 168, 'add-rate': 0.3988306031308891, 'tem': 0.9599493574299308, 'consis-rate': 1.1800186080898598}
mean: 0.7886000000000001
[0.779 0.788 0.795 0.789 0.792 0.781 0.793 0.783 0.796 0.79 ]
cur_param: {'lr': 0.002453736157819836, 'weight-decay': 0.002448160091274129, 'dropout': 0.6874718518098907, 'patience': 150, 'lr-reduce-freq': 250, 'dim': 160, 'add-rate': 0.3598386116982483, 'tem': 1.0109739380049565, 'consis-rate': 1.162439040529248}
mean: 0.7902000000000001
[0.789 0.789 0.796 0.791 0.78  0.783 0.796 0.795 0.799 0.784]
cur_param: {'lr': 0.002504221331872716, 'weight-decay': 0.0026621381762281177, 'dropout': 0.6647612682155035, 'patience': 120, 'lr-reduce-freq': 250, 'dim': 160, 'add-rate': 0.3368777674159558, 'tem': 0.9867427726686591, 'consis-rate': 1.1582639128660916}
mean: 0.7885
[0.785 0.778 0.795 0.783 0.789 0.779 0.799 0.79  0.798 0.789]
cur_param: {'lr': 0.002446703014086433, 'weight-decay': 0.0024421553322408265, 'dropout': 0.6858826371864838, 'patience': 150, 'lr-reduce-freq': 250, 'dim': 160, 'add-rate': 0.3614459248833138, 'tem': 1.0172479862374744, 'consis-rate': 1.1438611089032569}
mean: 0.7919999999999999
[0.79  0.786 0.792 0.785 0.791 0.793 0.797 0.797 0.797 0.792]
cur_param: {'lr': 0.0025877761209149907, 'weight-decay': 0.0024323272219609142, 'dropout': 0.6879524630871177, 'patience': 135, 'lr-reduce-freq': 250, 'dim': 160, 'add-rate': 0.3616597129151693, 'tem': 1.0092827872089145, 'consis-rate': 1.1402875372889594}
mean: 0.7898000000000001
[0.788 0.79  0.792 0.793 0.791 0.782 0.798 0.782 0.795 0.787]
cur_param: {'lr': 0.00248683653881781, 'weight-decay': 0.002472272694936534, 'dropout': 0.6946109001228137, 'patience': 150, 'lr-reduce-freq': 250, 'dim': 168, 'add-rate': 0.3536271607390988, 'tem': 0.9364868616160879, 'consis-rate': 1.12430850815189}
mean: 0.7878000000000001
[0.784 0.788 0.79  0.792 0.788 0.78  0.795 0.787 0.787 0.787]
cur_param: {'lr': 0.0024399615558546115, 'weight-decay': 0.0023490665362427402, 'dropout': 0.6561435941747787, 'patience': 150, 'lr-reduce-freq': 250, 'dim': 160, 'add-rate': 0.378090935407421, 'tem': 1.0244997197585581, 'consis-rate': 1.1761150369218913}
mean: 0.7906
[0.787 0.79  0.791 0.783 0.791 0.792 0.8   0.788 0.794 0.79 ]
cur_param: {'lr': 0.002440183037747353, 'weight-decay': 0.002553200894373264, 'dropout': 0.6563721171268043, 'patience': 135, 'lr-reduce-freq': 250, 'dim': 152, 'add-rate': 0.3775137375110957, 'tem': 0.9945288587563049, 'consis-rate': 1.1774948549574804}
mean: 0.7857000000000001
[0.787 0.782 0.787 0.777 0.79  0.783 0.79  0.78  0.796 0.785]
cur_param: {'lr': 0.0024438029398298907, 'weight-decay': 0.0022334262203824833, 'dropout': 0.6405870735540865, 'patience': 150, 'lr-reduce-freq': 250, 'dim': 160, 'add-rate': 0.3472796065733579, 'tem': 1.0324185630980558, 'consis-rate': 1.1994636014721358}
mean: 0.7893000000000001
[0.782 0.786 0.789 0.79  0.789 0.794 0.794 0.788 0.795 0.786]
cur_param: {'lr': 0.002532120270255718, 'weight-decay': 0.002158978109497984, 'dropout': 0.6120791747630187, 'patience': 135, 'lr-reduce-freq': 250, 'dim': 152, 'add-rate': 0.3643304183453937, 'tem': 1.0188240352688818, 'consis-rate': 1.1491406189503186}
mean: 0.7876000000000001
[0.787 0.789 0.79  0.78  0.79  0.784 0.791 0.788 0.792 0.785]
cur_param: {'lr': 0.0024141487155246327, 'weight-decay': 0.0027551190528085287, 'dropout': 0.5713014092028833, 'patience': 150, 'lr-reduce-freq': 250, 'dim': 160, 'add-rate': 0.3306301055373165, 'tem': 1.024882989119341, 'consis-rate': 1.1704889488659294}
mean: 0.7885
[0.777 0.782 0.79  0.788 0.793 0.789 0.79  0.792 0.792 0.792]
cur_param: {'lr': 0.00229628900333206, 'weight-decay': 0.0024091704457967107, 'dropout': 0.6707683092233971, 'patience': 135, 'lr-reduce-freq': 250, 'dim': 168, 'add-rate': 0.3183303795573069, 'tem': 1.1406438928550353, 'consis-rate': 1.1858700556207367}
mean: 0.7879
[0.786 0.78  0.794 0.792 0.783 0.781 0.793 0.784 0.795 0.791]
cur_param: {'lr': 0.002455196584276636, 'weight-decay': 0.001736160103910034, 'dropout': 0.6778919039593642, 'patience': 150, 'lr-reduce-freq': 225, 'dim': 152, 'add-rate': 0.3819563764792392, 'tem': 1.0907489631784408, 'consis-rate': 1.1471422349418763}
mean: 0.7874000000000001
[0.785 0.787 0.79  0.781 0.791 0.786 0.786 0.785 0.797 0.786]
cur_param: {'lr': 0.0025077787234255985, 'weight-decay': 0.002346848315251136, 'dropout': 0.6852047125133617, 'patience': 150, 'lr-reduce-freq': 250, 'dim': 160, 'add-rate': 0.3588324226484513, 'tem': 0.9808210446914142, 'consis-rate': 1.1640544376501418}
mean: 0.791
[0.787 0.784 0.792 0.794 0.792 0.781 0.797 0.794 0.796 0.793]
cur_param: {'lr': 0.002551177658713894, 'weight-decay': 0.0023531061744214788, 'dropout': 0.6849316844895967, 'patience': 150, 'lr-reduce-freq': 250, 'dim': 168, 'add-rate': 0.35954969288149485, 'tem': 0.9739676413950236, 'consis-rate': 1.1642506882218724}
mean: 0.7853000000000001
[0.782 0.781 0.796 0.771 0.787 0.777 0.791 0.789 0.794 0.785]
cur_param: {'lr': 0.0025082092492107267, 'weight-decay': 0.002245602472718209, 'dropout': 0.6830513138926103, 'patience': 165, 'lr-reduce-freq': 250, 'dim': 160, 'add-rate': 0.36991406866851445, 'tem': 0.9952394095323618, 'consis-rate': 1.180813496479818}
mean: 0.7911
[0.789 0.789 0.79  0.784 0.795 0.783 0.798 0.798 0.796 0.789]
cur_param: {'lr': 0.002389153497752914, 'weight-decay': 0.0020737978859659057, 'dropout': 0.6787947664229257, 'patience': 165, 'lr-reduce-freq': 250, 'dim': 160, 'add-rate': 0.3708212892789751, 'tem': 1.0071082460543301, 'consis-rate': 1.1800761811086489}
mean: 0.7889000000000002
[0.776 0.784 0.797 0.785 0.793 0.782 0.801 0.784 0.793 0.794]
cur_param: {'lr': 0.0025039647520135756, 'weight-decay': 0.002244809150309606, 'dropout': 0.625484069939106, 'patience': 165, 'lr-reduce-freq': 250, 'dim': 160, 'add-rate': 0.3521026997099321, 'tem': 1.0455396493961946, 'consis-rate': 1.1378504864865115}
mean: 0.7885000000000001
[0.781 0.783 0.793 0.787 0.79  0.792 0.791 0.79  0.791 0.787]
cur_param: {'lr': 0.0025777100292196913, 'weight-decay': 0.0021435186188175424, 'dropout': 0.6515284071265632, 'patience': 165, 'lr-reduce-freq': 250, 'dim': 152, 'add-rate': 0.3428266893306881, 'tem': 1.0018492671203332, 'consis-rate': 1.1530195678473742}
mean: 0.7876999999999998
[0.788 0.784 0.788 0.777 0.796 0.778 0.793 0.792 0.797 0.784]
cur_param: {'lr': 0.002625593220471541, 'weight-decay': 0.0025072744568257217, 'dropout': 0.688611740655524, 'patience': 180, 'lr-reduce-freq': 250, 'dim': 160, 'add-rate': 0.37521495606787675, 'tem': 1.0718947460218997, 'consis-rate': 1.1327958382180185}
mean: 0.7895000000000001
[0.792 0.787 0.793 0.789 0.791 0.787 0.791 0.788 0.793 0.784][32m[I 2022-06-19 12:41:36,838][0m Trial 97 finished with value: 0.7895000000000001 and parameters: {'lr': 0.002625593220471541, 'weight_decay': 0.0025072744568257217, 'dropout': 0.688611740655524, 'patience': 180, 'rf': 250, 'dim': 160, 'add-rate': 0.37521495606787675, 'tem': 1.0718947460218997, 'consis-rate': 1.1327958382180185}. Best is trial 11 with value: 0.7921000000000001.[0m
[32m[I 2022-06-19 13:08:09,797][0m Trial 98 finished with value: 0.7871 and parameters: {'lr': 0.002417775243139219, 'weight_decay': 0.002306170696195877, 'dropout': 0.6690955795073894, 'patience': 165, 'rf': 250, 'dim': 152, 'add-rate': 0.3654071755292245, 'tem': 1.0175124711528154, 'consis-rate': 1.111701113276275}. Best is trial 11 with value: 0.7921000000000001.[0m
[32m[I 2022-06-19 13:34:50,959][0m Trial 99 finished with value: 0.7868 and parameters: {'lr': 0.0023420467516433972, 'weight_decay': 0.0026153891520989594, 'dropout': 0.540457078581199, 'patience': 180, 'rf': 250, 'dim': 168, 'add-rate': 0.3269533388721144, 'tem': 1.1569771342892445, 'consis-rate': 0.8534392544417686}. Best is trial 11 with value: 0.7921000000000001.[0m
[32m[I 2022-06-19 13:58:12,161][0m Trial 100 finished with value: 0.7895000000000001 and parameters: {'lr': 0.0025218193655037286, 'weight_decay': 0.0019828747385602355, 'dropout': 0.6825638262238496, 'patience': 165, 'rf': 275, 'dim': 160, 'add-rate': 0.3511194528704241, 'tem': 1.1177863960049184, 'consis-rate': 1.174239913217147}. Best is trial 11 with value: 0.7921000000000001.[0m
[32m[I 2022-06-19 14:23:26,847][0m Trial 101 finished with value: 0.7886 and parameters: {'lr': 0.002480721890200943, 'weight_decay': 0.0024568948455875148, 'dropout': 0.6964815169322635, 'patience': 150, 'rf': 250, 'dim': 168, 'add-rate': 0.38902978901381746, 'tem': 0.9921747464253582, 'consis-rate': 1.1914336638694756}. Best is trial 11 with value: 0.7921000000000001.[0m
[32m[I 2022-06-19 14:47:53,168][0m Trial 102 finished with value: 0.7894 and parameters: {'lr': 0.002453874565328245, 'weight_decay': 0.0023729375626517207, 'dropout': 0.6752531606072578, 'patience': 150, 'rf': 250, 'dim': 160, 'add-rate': 0.35790372335758863, 'tem': 0.9590957586248425, 'consis-rate': 1.1843982236427446}. Best is trial 11 with value: 0.7921000000000001.[0m
[32m[I 2022-06-19 15:14:06,858][0m Trial 103 finished with value: 0.7887000000000002 and parameters: {'lr': 0.002423636247038042, 'weight_decay': 0.0022814780795891217, 'dropout': 0.6905882569340158, 'patience': 150, 'rf': 250, 'dim': 168, 'add-rate': 0.38003683024022894, 'tem': 0.9816387356260422, 'consis-rate': 1.167452220486852}. Best is trial 11 with value: 0.7921000000000001.[0m
[32m[I 2022-06-19 15:43:24,679][0m Trial 104 finished with value: 0.7878000000000001 and parameters: {'lr': 0.002390513310043455, 'weight_decay': 0.0024148017092958545, 'dropout': 0.6823731226002218, 'patience': 180, 'rf': 250, 'dim': 152, 'add-rate': 0.4847256631514131, 'tem': 1.0241116535043455, 'consis-rate': 1.1944075181778877}. Best is trial 11 with value: 0.7921000000000001.[0m
[32m[I 2022-06-19 16:06:42,864][0m Trial 105 finished with value: 0.7912000000000001 and parameters: {'lr': 0.002488561624351654, 'weight_decay': 0.001691767887037886, 'dropout': 0.6851073336768249, 'patience': 150, 'rf': 250, 'dim': 160, 'add-rate': 0.36697311179882036, 'tem': 0.9956235604867723, 'consis-rate': 1.1633036966962553}. Best is trial 11 with value: 0.7921000000000001.[0m
[32m[I 2022-06-19 16:29:56,531][0m Trial 106 finished with value: 0.7892 and parameters: {'lr': 0.002559408984765038, 'weight_decay': 0.0016989285158330628, 'dropout': 0.6644530985023365, 'patience': 135, 'rf': 250, 'dim': 160, 'add-rate': 0.3686771244696531, 'tem': 1.1997452258765318, 'consis-rate': 1.1613710270473419}. Best is trial 11 with value: 0.7921000000000001.[0m
[32m[I 2022-06-19 16:55:23,742][0m Trial 107 finished with value: 0.7897000000000001 and parameters: {'lr': 0.0025096872514325814, 'weight_decay': 0.0016136651134668748, 'dropout': 0.6856777941711434, 'patience': 165, 'rf': 275, 'dim': 160, 'add-rate': 0.37434116788828453, 'tem': 0.9979838717326264, 'consis-rate': 1.152108256604448}. Best is trial 11 with value: 0.7921000000000001.[0m
[32m[I 2022-06-19 17:22:28,985][0m Trial 108 finished with value: 0.7858 and parameters: {'lr': 0.002467165994380066, 'weight_decay': 0.0018172109369582689, 'dropout': 0.6712815391854625, 'patience': 180, 'rf': 225, 'dim': 152, 'add-rate': 0.3620047602701896, 'tem': 0.9684791221055417, 'consis-rate': 1.1741402470855076}. Best is trial 11 with value: 0.7921000000000001.[0m
[32m[I 2022-06-19 17:49:04,813][0m Trial 109 finished with value: 0.7883000000000001 and parameters: {'lr': 0.0023118783981272684, 'weight_decay': 0.002205975766089596, 'dropout': 0.6766900726804144, 'patience': 150, 'rf': 250, 'dim': 160, 'add-rate': 0.31081266906183425, 'tem': 0.936254707153653, 'consis-rate': 1.1453029404683797}. Best is trial 11 with value: 0.7921000000000001.[0m
[32m[I 2022-06-19 18:09:34,441][0m Trial 110 finished with value: 0.7904 and parameters: {'lr': 0.002356523761167542, 'weight_decay': 0.002098373740275434, 'dropout': 0.6564609372916826, 'patience': 90, 'rf': 250, 'dim': 160, 'add-rate': 0.34030688583368646, 'tem': 1.1089172408920793, 'consis-rate': 1.1820032335885127}. Best is trial 11 with value: 0.7921000000000001.[0m
[32m[I 2022-06-19 18:39:06,805][0m Trial 111 finished with value: 0.7897000000000001 and parameters: {'lr': 0.0023612521894142524, 'weight_decay': 0.0020332019571186674, 'dropout': 0.657087847577889, 'patience': 180, 'rf': 250, 'dim': 160, 'add-rate': 0.3349193888013043, 'tem': 1.1234898599065195, 'consis-rate': 1.1800510851520243}. Best is trial 11 with value: 0.7921000000000001.[0m
[32m[I 2022-06-19 19:03:00,439][0m Trial 112 finished with value: 0.7894 and parameters: {'lr': 0.00225716238788774, 'weight_decay': 0.001656758385218124, 'dropout': 0.6898770750009217, 'patience': 135, 'rf': 250, 'dim': 160, 'add-rate': 0.355345525451457, 'tem': 1.0127800047443183, 'consis-rate': 1.1653478999280062}. Best is trial 11 with value: 0.7921000000000001.[0m
[32m[I 2022-06-19 19:22:04,399][0m Trial 113 finished with value: 0.7877 and parameters: {'lr': 0.0024293924580401794, 'weight_decay': 0.002092473853742584, 'dropout': 0.6429792870811832, 'patience': 90, 'rf': 250, 'dim': 160, 'add-rate': 0.3399327499724759, 'tem': 0.9527067863539452, 'consis-rate': 1.1300919930353914}. Best is trial 11 with value: 0.7921000000000001.[0m
[32m[I 2022-06-19 19:47:33,616][0m Trial 114 finished with value: 0.7879000000000002 and parameters: {'lr': 0.002400459065282102, 'weight_decay': 0.0019115473712135493, 'dropout': 0.6597082871456323, 'patience': 150, 'rf': 250, 'dim': 152, 'add-rate': 0.3467170477688102, 'tem': 1.101695500438811, 'consis-rate': 1.1901226113390293}. Best is trial 11 with value: 0.7921000000000001.[0m
[32m[I 2022-06-19 20:06:11,233][0m Trial 115 finished with value: 0.7876000000000001 and parameters: {'lr': 0.0023776154573908613, 'weight_decay': 0.002175716087456456, 'dropout': 0.6487273684378284, 'patience': 75, 'rf': 250, 'dim': 168, 'add-rate': 0.32044594112755576, 'tem': 1.1354291422726763, 'consis-rate': 1.1559901198024873}. Best is trial 11 with value: 0.7921000000000001.[0m
[32m[I 2022-06-19 20:26:23,618][0m Trial 116 finished with value: 0.7914000000000001 and parameters: {'lr': 0.002275655546843382, 'weight_decay': 0.001573096138917477, 'dropout': 0.6845492894005435, 'patience': 105, 'rf': 250, 'dim': 160, 'add-rate': 0.33173644646298694, 'tem': 1.0320370632528502, 'consis-rate': 1.1756185051967243}. Best is trial 11 with value: 0.7921000000000001.[0m
[32m[I 2022-06-19 20:50:13,028][0m Trial 117 finished with value: 0.7872000000000001 and parameters: {'lr': 0.002193035832897171, 'weight_decay': 0.0015297224527418348, 'dropout': 0.6784450368900161, 'patience': 105, 'rf': 250, 'dim': 168, 'add-rate': 0.33096610624266276, 'tem': 1.0888873127874867, 'consis-rate': 1.183781817273676}. Best is trial 11 with value: 0.7921000000000001.[0m
[32m[I 2022-06-19 21:11:23,669][0m Trial 118 finished with value: 0.788 and parameters: {'lr': 0.002275507066967026, 'weight_decay': 0.0015919188566214857, 'dropout': 0.6831818620608173, 'patience': 90, 'rf': 275, 'dim': 152, 'add-rate': 0.32420340152634075, 'tem': 1.1081349438055104, 'consis-rate': 1.1735520295426953}. Best is trial 11 with value: 0.7921000000000001.[0m
[32m[I 2022-06-19 21:32:52,832][0m Trial 119 finished with value: 0.7874000000000001 and parameters: {'lr': 0.0023287876304313535, 'weight_decay': 0.0015751777322295887, 'dropout': 0.6672921281878698, 'patience': 105, 'rf': 250, 'dim': 152, 'add-rate': 0.33904000313603294, 'tem': 1.03059062343266, 'consis-rate': 1.1427860677522386}. Best is trial 11 with value: 0.7921000000000001.[0m
[32m[I 2022-06-19 21:52:49,601][0m Trial 120 finished with value: 0.7892000000000001 and parameters: {'lr': 0.0022429536672436954, 'weight_decay': 0.0013577230939792147, 'dropout': 0.6358306065552689, 'patience': 90, 'rf': 250, 'dim': 160, 'add-rate': 0.3456033263195158, 'tem': 1.0498772432114485, 'consis-rate': 0.8002803922822403}. Best is trial 11 with value: 0.7921000000000001.[0m
