[32m[I 2022-06-18 10:33:34,054][0m Trial 35 finished with value: 0.7859 and parameters: {'lr': 0.002371526851718074, 'weight_decay': 0.002273948819304975, 'dropout': 0.6818884090569499, 'patience': 180, 'rf': 275, 'dim': 184, 'add-rate': 0.49885447638552277, 'tem': 1.1146874473230008, 'consis-rate': 1.1801224300073585}. Best is trial 11 with value: 0.7921000000000001.[0m
[32m[I 2022-06-18 10:59:18,144][0m Trial 36 finished with value: 0.7894 and parameters: {'lr': 0.002417033866365696, 'weight_decay': 0.00218159116727748, 'dropout': 0.6772527298302382, 'patience': 180, 'rf': 275, 'dim': 160, 'add-rate': 0.44757012788475864, 'tem': 1.1182385779479243, 'consis-rate': 1.199164852953227}. Best is trial 11 with value: 0.7921000000000001.[0m
[32m[I 2022-06-18 11:24:24,306][0m Trial 37 finished with value: 0.7889000000000002 and parameters: {'lr': 0.002487572533977637, 'weight_decay': 0.0025057416501634362, 'dropout': 0.6592030157136299, 'patience': 165, 'rf': 275, 'dim': 160, 'add-rate': 0.3343368646090052, 'tem': 1.0922191482405363, 'consis-rate': 1.1802882768066945}. Best is trial 11 with value: 0.7921000000000001.[0m
[32m[I 2022-06-18 11:52:09,672][0m Trial 38 finished with value: 0.7863 and parameters: {'lr': 0.0023003949678615542, 'weight_decay': 0.002054748127202629, 'dropout': 0.6975290345390771, 'patience': 180, 'rf': 300, 'dim': 184, 'add-rate': 0.4593522648330782, 'tem': 1.1467981105825455, 'consis-rate': 0.9348552932101929}. Best is trial 11 with value: 0.7921000000000001.[0m
[32m[I 2022-06-18 12:20:41,576][0m Trial 39 finished with value: 0.7898000000000002 and parameters: {'lr': 0.0023679352674763035, 'weight_decay': 0.002304552164699667, 'dropout': 0.6822967518236699, 'patience': 165, 'rf': 275, 'dim': 176, 'add-rate': 0.4247194271597138, 'tem': 1.0638968599199676, 'consis-rate': 1.044194403465432}. Best is trial 11 with value: 0.7921000000000001.[0m
[32m[I 2022-06-18 12:49:23,311][0m Trial 40 finished with value: 0.7881 and parameters: {'lr': 0.0026037287042152994, 'weight_decay': 0.002580145933034486, 'dropout': 0.6676375761986685, 'patience': 180, 'rf': 250, 'dim': 168, 'add-rate': 0.4733119201743621, 'tem': 1.0503399635852948, 'consis-rate': 1.1450918405628974}. Best is trial 11 with value: 0.7921000000000001.[0m
[32m[I 2022-06-18 13:16:07,423][0m Trial 41 finished with value: 0.7879 and parameters: {'lr': 0.0023759655849631264, 'weight_decay': 0.002323169441794615, 'dropout': 0.6822322637612649, 'patience': 165, 'rf': 275, 'dim': 176, 'add-rate': 0.4240654682350532, 'tem': 1.0982692697315715, 'consis-rate': 0.8222027562363797}. Best is trial 11 with value: 0.7921000000000001.[0m
[32m[I 2022-06-18 13:42:00,124][0m Trial 42 finished with value: 0.7875 and parameters: {'lr': 0.002347794263087056, 'weight_decay': 0.001901574033141476, 'dropout': 0.6778561672316956, 'patience': 165, 'rf': 275, 'dim': 160, 'add-rate': 0.42891364685517214, 'tem': 1.0507204385518187, 'consis-rate': 1.0477016836057034}. Best is trial 11 with value: 0.7921000000000001.[0m
[32m[I 2022-06-18 14:10:10,188][0m Trial 43 finished with value: 0.7891 and parameters: {'lr': 0.002437482536887352, 'weight_decay': 0.002843498529601743, 'dropout': 0.6896212834165879, 'patience': 180, 'rf': 275, 'dim': 168, 'add-rate': 0.4148323647921556, 'tem': 1.1456062515849057, 'consis-rate': 1.1185281755316292}. Best is trial 11 with value: 0.7921000000000001.[0m
[32m[I 2022-06-18 14:37:49,265][0m Trial 44 finished with value: 0.7882 and parameters: {'lr': 0.0025214336268953343, 'weight_decay': 0.002068333168668287, 'dropout': 0.6513941947950803, 'patience': 180, 'rf': 300, 'dim': 192, 'add-rate': 0.3125035689527535, 'tem': 1.1346124619736564, 'consis-rate': 0.8511951249721412}. Best is trial 11 with value: 0.7921000000000001.[0m
[32m[I 2022-06-18 15:06:48,620][0m Trial 45 finished with value: 0.7863 and parameters: {'lr': 0.002275482513987442, 'weight_decay': 0.0022627323837890456, 'dropout': 0.6998937122453704, 'patience': 165, 'rf': 275, 'dim': 184, 'add-rate': 0.4442499228805735, 'tem': 1.1757997784322822, 'consis-rate': 0.9836965399065231}. Best is trial 11 with value: 0.7921000000000001.[0m
[32m[I 2022-06-18 15:34:27,662][0m Trial 46 finished with value: 0.787 and parameters: {'lr': 0.00216648632149836, 'weight_decay': 0.002391825477307945, 'dropout': 0.6757427604372135, 'patience': 150, 'rf': 250, 'dim': 152, 'add-rate': 0.47242816287436956, 'tem': 1.066087855648885, 'consis-rate': 1.178437142916038}. Best is trial 11 with value: 0.7921000000000001.[0m
[32m[I 2022-06-18 16:02:59,718][0m Trial 47 finished with value: 0.7895000000000001 and parameters: {'lr': 0.0024632767215421506, 'weight_decay': 0.0021225035902385355, 'dropout': 0.6858884802411283, 'patience': 165, 'rf': 275, 'dim': 176, 'add-rate': 0.4538014261959657, 'tem': 1.099226670053482, 'consis-rate': 1.0219953325423388}. Best is trial 11 with value: 0.7921000000000001.[0m

mean: 0.7877000000000001
[0.786 0.788 0.792 0.781 0.791 0.78  0.782 0.786 0.797 0.794]
cur_param: {'lr': 0.002128760957431386, 'weight-decay': 0.0011806622606698241, 'dropout': 0.618370109816417, 'patience': 165, 'lr-reduce-freq': 225, 'dim': 160, 'add-rate': 0.3653591741149621, 'tem': 0.8915989157126316, 'consis-rate': 1.1587556939513894}
mean: 0.7886
[0.79  0.787 0.787 0.787 0.793 0.784 0.794 0.79  0.791 0.783]
cur_param: {'lr': 0.002273445013965595, 'weight-decay': 0.001971341902051492, 'dropout': 0.5837100236807719, 'patience': 135, 'lr-reduce-freq': 300, 'dim': 176, 'add-rate': 0.3925081806585259, 'tem': 0.8439258660291445, 'consis-rate': 1.0577528318820433}
mean: 0.7866000000000001
[0.784 0.796 0.786 0.783 0.791 0.785 0.783 0.78  0.79  0.788]
cur_param: {'lr': 0.002432858769493013, 'weight-decay': 0.0018528686621092285, 'dropout': 0.6485198399927957, 'patience': 105, 'lr-reduce-freq': 250, 'dim': 128, 'add-rate': 0.31562813598998835, 'tem': 0.9726471029680158, 'consis-rate': 1.1658365724611637}
mean: 0.7883000000000001
[0.788 0.786 0.789 0.776 0.793 0.789 0.787 0.784 0.795 0.796]
cur_param: {'lr': 0.00256674695615286, 'weight-decay': 0.0015142936850362115, 'dropout': 0.5546764426653262, 'patience': 165, 'lr-reduce-freq': 250, 'dim': 152, 'add-rate': 0.34108522769717253, 'tem': 1.072895540301585, 'consis-rate': 1.101478848216334}
mean: 0.788
[0.788 0.79  0.791 0.789 0.79  0.782 0.786 0.784 0.794 0.786]
cur_param: {'lr': 0.0021846502024575557, 'weight-decay': 0.0016786070906446425, 'dropout': 0.6599475113849195, 'patience': 150, 'lr-reduce-freq': 200, 'dim': 144, 'add-rate': 0.40516526887034376, 'tem': 1.021063176459299, 'consis-rate': 1.1327556738689475}
mean: 0.7866
[0.783 0.795 0.791 0.788 0.784 0.779 0.78  0.779 0.792 0.795]
cur_param: {'lr': 0.0025348574523750287, 'weight-decay': 0.001502776914660941, 'dropout': 0.631919494055435, 'patience': 135, 'lr-reduce-freq': 225, 'dim': 120, 'add-rate': 0.3053053107535251, 'tem': 0.8449672991705061, 'consis-rate': 0.977719838129917}
mean: 0.7867000000000001
[0.791 0.785 0.794 0.783 0.789 0.79  0.783 0.788 0.777 0.787]
cur_param: {'lr': 0.002624975111417236, 'weight-decay': 0.00140464931780048, 'dropout': 0.6165891554471947, 'patience': 135, 'lr-reduce-freq': 275, 'dim': 176, 'add-rate': 0.3665815630644846, 'tem': 0.8031748859444301, 'consis-rate': 0.9097370236073281}
mean: 0.7854
[0.781 0.786 0.784 0.779 0.785 0.782 0.79  0.789 0.794 0.784]
cur_param: {'lr': 0.00231791691392585, 'weight-decay': 0.0015538647201836732, 'dropout': 0.5441786979326348, 'patience': 180, 'lr-reduce-freq': 250, 'dim': 168, 'add-rate': 0.3443872719452571, 'tem': 1.1918467410445293, 'consis-rate': 1.133246418744695}
mean: 0.7883
[0.789 0.788 0.788 0.789 0.793 0.781 0.794 0.781 0.792 0.788]
cur_param: {'lr': 0.0023698762597722262, 'weight-decay': 0.0017023740049739392, 'dropout': 0.6819246456112493, 'patience': 180, 'lr-reduce-freq': 250, 'dim': 160, 'add-rate': 0.330340896570512, 'tem': 1.1215694868297716, 'consis-rate': 1.1777346165859797}
mean: 0.7905
[0.789 0.784 0.792 0.787 0.793 0.784 0.799 0.793 0.795 0.789]
cur_param: {'lr': 0.0023829403937196633, 'weight-decay': 0.002189364393564669, 'dropout': 0.6912271607239701, 'patience': 180, 'lr-reduce-freq': 275, 'dim': 160, 'add-rate': 0.33017209106637724, 'tem': 1.107063160588631, 'consis-rate': 1.1767042775945966}
mean: 0.7908000000000001
[0.778 0.789 0.794 0.789 0.793 0.787 0.799 0.791 0.801 0.787]
cur_param: {'lr': 0.002437058332461677, 'weight-decay': 0.002206502383249955, 'dropout': 0.6834949354302687, 'patience': 180, 'lr-reduce-freq': 275, 'dim': 160, 'add-rate': 0.4432110787282865, 'tem': 1.1184876822448233, 'consis-rate': 1.179954239584441}
mean: 0.7905
[0.782 0.785 0.79  0.791 0.791 0.784 0.796 0.799 0.794 0.793]
cur_param: {'lr': 0.002371526851718074, 'weight-decay': 0.002273948819304975, 'dropout': 0.6818884090569499, 'patience': 180, 'lr-reduce-freq': 275, 'dim': 184, 'add-rate': 0.49885447638552277, 'tem': 1.1146874473230008, 'consis-rate': 1.1801224300073585}
mean: 0.7859
[0.78  0.788 0.794 0.784 0.789 0.778 0.786 0.781 0.792 0.787]
cur_param: {'lr': 0.002417033866365696, 'weight-decay': 0.00218159116727748, 'dropout': 0.6772527298302382, 'patience': 180, 'lr-reduce-freq': 275, 'dim': 160, 'add-rate': 0.44757012788475864, 'tem': 1.1182385779479243, 'consis-rate': 1.199164852953227}
mean: 0.7894
[0.787 0.787 0.793 0.784 0.789 0.786 0.797 0.787 0.797 0.787]
cur_param: {'lr': 0.002487572533977637, 'weight-decay': 0.0025057416501634362, 'dropout': 0.6592030157136299, 'patience': 165, 'lr-reduce-freq': 275, 'dim': 160, 'add-rate': 0.3343368646090052, 'tem': 1.0922191482405363, 'consis-rate': 1.1802882768066945}
mean: 0.7889000000000002
[0.783 0.788 0.796 0.786 0.79  0.78  0.797 0.789 0.794 0.786]
cur_param: {'lr': 0.0023003949678615542, 'weight-decay': 0.002054748127202629, 'dropout': 0.6975290345390771, 'patience': 180, 'lr-reduce-freq': 300, 'dim': 184, 'add-rate': 0.4593522648330782, 'tem': 1.1467981105825455, 'consis-rate': 0.9348552932101929}
mean: 0.7863
[0.782 0.789 0.789 0.784 0.795 0.782 0.786 0.783 0.789 0.784]
cur_param: {'lr': 0.0023679352674763035, 'weight-decay': 0.002304552164699667, 'dropout': 0.6822967518236699, 'patience': 165, 'lr-reduce-freq': 275, 'dim': 176, 'add-rate': 0.4247194271597138, 'tem': 1.0638968599199676, 'consis-rate': 1.044194403465432}
mean: 0.7898000000000002
[0.79  0.798 0.784 0.783 0.79  0.787 0.795 0.792 0.793 0.786]
cur_param: {'lr': 0.0026037287042152994, 'weight-decay': 0.002580145933034486, 'dropout': 0.6676375761986685, 'patience': 180, 'lr-reduce-freq': 250, 'dim': 168, 'add-rate': 0.4733119201743621, 'tem': 1.0503399635852948, 'consis-rate': 1.1450918405628974}
mean: 0.7881
[0.787 0.784 0.794 0.785 0.787 0.783 0.792 0.786 0.792 0.791]
cur_param: {'lr': 0.0023759655849631264, 'weight-decay': 0.002323169441794615, 'dropout': 0.6822322637612649, 'patience': 165, 'lr-reduce-freq': 275, 'dim': 176, 'add-rate': 0.4240654682350532, 'tem': 1.0982692697315715, 'consis-rate': 0.8222027562363797}
mean: 0.7879
[0.786 0.789 0.783 0.783 0.791 0.784 0.793 0.795 0.796 0.779]
cur_param: {'lr': 0.002347794263087056, 'weight-decay': 0.001901574033141476, 'dropout': 0.6778561672316956, 'patience': 165, 'lr-reduce-freq': 275, 'dim': 160, 'add-rate': 0.42891364685517214, 'tem': 1.0507204385518187, 'consis-rate': 1.0477016836057034}
mean: 0.7875
[0.791 0.784 0.793 0.78  0.788 0.782 0.794 0.782 0.792 0.789]
cur_param: {'lr': 0.002437482536887352, 'weight-decay': 0.002843498529601743, 'dropout': 0.6896212834165879, 'patience': 180, 'lr-reduce-freq': 275, 'dim': 168, 'add-rate': 0.4148323647921556, 'tem': 1.1456062515849057, 'consis-rate': 1.1185281755316292}
mean: 0.7891
[0.781 0.788 0.792 0.791 0.79  0.779 0.79  0.788 0.797 0.795]
cur_param: {'lr': 0.0025214336268953343, 'weight-decay': 0.002068333168668287, 'dropout': 0.6513941947950803, 'patience': 180, 'lr-reduce-freq': 300, 'dim': 192, 'add-rate': 0.3125035689527535, 'tem': 1.1346124619736564, 'consis-rate': 0.8511951249721412}
mean: 0.7882
[0.786 0.785 0.789 0.785 0.791 0.785 0.792 0.79  0.79  0.789]
cur_param: {'lr': 0.002275482513987442, 'weight-decay': 0.0022627323837890456, 'dropout': 0.6998937122453704, 'patience': 165, 'lr-reduce-freq': 275, 'dim': 184, 'add-rate': 0.4442499228805735, 'tem': 1.1757997784322822, 'consis-rate': 0.9836965399065231}
mean: 0.7863
[0.777 0.786 0.794 0.783 0.789 0.784 0.789 0.78  0.794 0.787]
cur_param: {'lr': 0.00216648632149836, 'weight-decay': 0.002391825477307945, 'dropout': 0.6757427604372135, 'patience': 150, 'lr-reduce-freq': 250, 'dim': 152, 'add-rate': 0.47242816287436956, 'tem': 1.066087855648885, 'consis-rate': 1.178437142916038}
mean: 0.787
[0.788 0.788 0.788 0.777 0.786 0.79  0.786 0.79  0.798 0.779]
cur_param: {'lr': 0.0024632767215421506, 'weight-decay': 0.0021225035902385355, 'dropout': 0.6858884802411283, 'patience': 165, 'lr-reduce-freq': 275, 'dim': 176, 'add-rate': 0.4538014261959657, 'tem': 1.099226670053482, 'consis-rate': 1.0219953325423388}
mean: 0.7895000000000001
[0.79  0.796 0.783 0.78  0.79  0.785 0.795 0.798 0.791 0.787]
cur_param: {'lr': 0.0020711167787554525, 'weight-decay': 0.0017537371993038347, 'dropout': 0.6632785270141476, 'patience': 180, 'lr-reduce-freq': 300, 'dim': 160, 'add-rate': 0.43545292035643485, 'tem': 1.0382408344864686, 'consis-rate': 0.9519492572654762}[32m[I 2022-06-18 16:30:20,288][0m Trial 48 finished with value: 0.7895000000000001 and parameters: {'lr': 0.0020711167787554525, 'weight_decay': 0.0017537371993038347, 'dropout': 0.6632785270141476, 'patience': 180, 'rf': 300, 'dim': 160, 'add-rate': 0.43545292035643485, 'tem': 1.0382408344864686, 'consis-rate': 0.9519492572654762}. Best is trial 11 with value: 0.7921000000000001.[0m
[32m[I 2022-06-18 16:57:27,870][0m Trial 49 finished with value: 0.7868000000000002 and parameters: {'lr': 0.0023967389557591596, 'weight_decay': 0.0024532846290747394, 'dropout': 0.6922540158110498, 'patience': 165, 'rf': 250, 'dim': 96, 'add-rate': 0.3610053507989999, 'tem': 1.1551665199417882, 'consis-rate': 1.0935702263429652}. Best is trial 11 with value: 0.7921000000000001.[0m
[32m[I 2022-06-18 17:26:36,555][0m Trial 50 finished with value: 0.7857000000000001 and parameters: {'lr': 0.00232805295839184, 'weight_decay': 0.0022237748153456226, 'dropout': 0.6537088797434549, 'patience': 180, 'rf': 250, 'dim': 168, 'add-rate': 0.34525742812437277, 'tem': 1.081956431367212, 'consis-rate': 1.1490916774663051}. Best is trial 11 with value: 0.7921000000000001.[0m
[32m[I 2022-06-18 17:52:28,172][0m Trial 51 finished with value: 0.7879 and parameters: {'lr': 0.0027001873985422883, 'weight_decay': 0.0012919781932345302, 'dropout': 0.6742586237399024, 'patience': 180, 'rf': 200, 'dim': 144, 'add-rate': 0.4114602813872225, 'tem': 0.925481426579804, 'consis-rate': 1.1864302340956565}. Best is trial 11 with value: 0.7921000000000001.[0m
[32m[I 2022-06-18 18:19:59,087][0m Trial 52 finished with value: 0.7867999999999999 and parameters: {'lr': 0.00278296431868375, 'weight_decay': 0.002024756799485745, 'dropout': 0.6937260052096927, 'patience': 165, 'rf': 225, 'dim': 152, 'add-rate': 0.40206878185445205, 'tem': 1.0052670395893128, 'consis-rate': 1.0033148035489274}. Best is trial 11 with value: 0.7921000000000001.[0m
[32m[I 2022-06-18 18:45:31,176][0m Trial 53 finished with value: 0.7884 and parameters: {'lr': 0.002570738480041451, 'weight_decay': 0.0018518661164822912, 'dropout': 0.6853489256738127, 'patience': 180, 'rf': 275, 'dim': 136, 'add-rate': 0.39579345974940605, 'tem': 1.1115453490552571, 'consis-rate': 1.0607071324111481}. Best is trial 11 with value: 0.7921000000000001.[0m
[32m[I 2022-06-18 19:01:49,397][0m Trial 54 finished with value: 0.7856 and parameters: {'lr': 0.0029979759590306214, 'weight_decay': 0.0016631929974410483, 'dropout': 0.6674645373054295, 'patience': 60, 'rf': 300, 'dim': 128, 'add-rate': 0.32887319840430707, 'tem': 0.9447639651557711, 'consis-rate': 1.1177559521856375}. Best is trial 11 with value: 0.7921000000000001.[0m
[32m[I 2022-06-18 19:23:43,523][0m Trial 55 finished with value: 0.7869999999999999 and parameters: {'lr': 0.002510699894424295, 'weight_decay': 0.0010078644341800205, 'dropout': 0.5021230721157449, 'patience': 150, 'rf': 225, 'dim': 152, 'add-rate': 0.41904156060767056, 'tem': 0.96821828597887, 'consis-rate': 1.0372775952061297}. Best is trial 11 with value: 0.7921000000000001.[0m
[32m[I 2022-06-18 19:47:42,548][0m Trial 56 finished with value: 0.7866000000000001 and parameters: {'lr': 0.002855049764267697, 'weight_decay': 0.0011333404169960844, 'dropout': 0.6379560864150715, 'patience': 165, 'rf': 275, 'dim': 144, 'add-rate': 0.4347125465905949, 'tem': 1.1305592784876008, 'consis-rate': 1.153955275996993}. Best is trial 11 with value: 0.7921000000000001.[0m
[32m[I 2022-06-18 20:15:09,603][0m Trial 57 finished with value: 0.7918000000000001 and parameters: {'lr': 0.002254286062610611, 'weight_decay': 0.002116137139631827, 'dropout': 0.6926680126234124, 'patience': 180, 'rf': 250, 'dim': 160, 'add-rate': 0.38352411308839374, 'tem': 0.992174911390802, 'consis-rate': 1.1357147352386687}. Best is trial 11 with value: 0.7921000000000001.[0m
[32m[I 2022-06-18 20:43:09,015][0m Trial 58 finished with value: 0.7869 and parameters: {'lr': 0.002252761084491642, 'weight_decay': 0.0021291824961557934, 'dropout': 0.6997516423903599, 'patience': 180, 'rf': 250, 'dim': 168, 'add-rate': 0.38060982646318703, 'tem': 1.0005105111569788, 'consis-rate': 1.1365958503988}. Best is trial 11 with value: 0.7921000000000001.[0m
[32m[I 2022-06-18 21:06:26,916][0m Trial 59 finished with value: 0.7896 and parameters: {'lr': 0.002358652382762805, 'weight_decay': 0.001959788711743587, 'dropout': 0.6801824525440806, 'patience': 150, 'rf': 250, 'dim': 160, 'add-rate': 0.37113251515674445, 'tem': 0.9859083838837639, 'consis-rate': 1.187242051753844}. Best is trial 11 with value: 0.7921000000000001.[0m
[32m[I 2022-06-18 21:31:39,594][0m Trial 60 finished with value: 0.788 and parameters: {'lr': 0.002300624134269997, 'weight_decay': 0.002315978853528573, 'dropout': 0.6298490888978049, 'patience': 165, 'rf': 250, 'dim': 176, 'add-rate': 0.3489785320342379, 'tem': 1.0591374235718145, 'consis-rate': 1.167094114753426}. Best is trial 11 with value: 0.7921000000000001.[0m
[32m[I 2022-06-18 21:59:42,804][0m Trial 61 finished with value: 0.7853000000000001 and parameters: {'lr': 0.0024623307250008653, 'weight_decay': 0.002197444258374572, 'dropout': 0.6906423767151721, 'patience': 180, 'rf': 275, 'dim': 144, 'add-rate': 0.3342234965992786, 'tem': 0.9537765162989937, 'consis-rate': 1.109048918668475}. Best is trial 11 with value: 0.7921000000000001.[0m
[32m[I 2022-06-18 22:29:49,288][0m Trial 62 finished with value: 0.7896 and parameters: {'lr': 0.00224532584457035, 'weight_decay': 0.0014384676459263822, 'dropout': 0.6739544544907211, 'patience': 180, 'rf': 200, 'dim': 152, 'add-rate': 0.3853457517317086, 'tem': 1.041000661782138, 'consis-rate': 1.1688117024478648}. Best is trial 11 with value: 0.7921000000000001.[0m
[32m[I 2022-06-18 22:56:39,899][0m Trial 63 finished with value: 0.7866000000000001 and parameters: {'lr': 0.002401059311312079, 'weight_decay': 0.0024000532995323213, 'dropout': 0.5897517754200952, 'patience': 180, 'rf': 250, 'dim': 104, 'add-rate': 0.4078142381901244, 'tem': 0.9260020985511446, 'consis-rate': 1.0724948031259491}. Best is trial 11 with value: 0.7921000000000001.[0m
[32m[I 2022-06-18 23:24:36,698][0m Trial 64 finished with value: 0.7871 and parameters: {'lr': 0.0021587617204634297, 'weight_decay': 0.002097987367539685, 'dropout': 0.666979268709787, 'patience': 165, 'rf': 225, 'dim': 136, 'add-rate': 0.3168777227315042, 'tem': 0.8954219620143862, 'consis-rate': 1.1281523803422806}. Best is trial 11 with value: 0.7921000000000001.[0m
[32m[I 2022-06-18 23:42:32,655][0m Trial 65 finished with value: 0.7877000000000001 and parameters: {'lr': 0.002204337140839319, 'weight_decay': 0.0013161282234454164, 'dropout': 0.6851813312069333, 'patience': 75, 'rf': 225, 'dim': 160, 'add-rate': 0.30656583170217977, 'tem': 0.9445935417184141, 'consis-rate': 1.1558443948846666}. Best is trial 11 with value: 0.7921000000000001.[0m
[32m[I 2022-06-19 00:08:48,724][0m Trial 66 finished with value: 0.7871 and parameters: {'lr': 0.0022821346344015798, 'weight_decay': 0.0017965490340097095, 'dropout': 0.69447645638351, 'patience': 180, 'rf': 275, 'dim': 192, 'add-rate': 0.43076062795540654, 'tem': 1.1069984968174185, 'consis-rate': 1.1919653425196348}. Best is trial 11 with value: 0.7921000000000001.[0m
[32m[I 2022-06-19 00:35:31,628][0m Trial 67 finished with value: 0.7878000000000001 and parameters: {'lr': 0.002321807305844856, 'weight_decay': 0.001615488108748879, 'dropout': 0.6614048357572301, 'patience': 165, 'rf': 250, 'dim': 168, 'add-rate': 0.35611698064895425, 'tem': 1.0810198989225552, 'consis-rate': 1.0861087279351018}. Best is trial 11 with value: 0.7921000000000001.[0m
[32m[I 2022-06-19 00:54:39,679][0m Trial 68 finished with value: 0.786 and parameters: {'lr': 0.0024344587036091423, 'weight_decay': 0.0018990618930066095, 'dropout': 0.6465048880305888, 'patience': 105, 'rf': 275, 'dim': 152, 'add-rate': 0.32539159655736827, 'tem': 1.1676350780236788, 'consis-rate': 1.1433747820486946}. Best is trial 11 with value: 0.7921000000000001.[0m
[32m[I 2022-06-19 01:21:58,026][0m Trial 69 finished with value: 0.7866000000000001 and parameters: {'lr': 0.0023867873511664826, 'weight_decay': 0.002018498235676639, 'dropout': 0.6726368153956511, 'patience': 180, 'rf': 250, 'dim': 160, 'add-rate': 0.38912283260635044, 'tem': 0.9110739193076342, 'consis-rate': 1.170795012058111}. Best is trial 11 with value: 0.7921000000000001.[0m
