nohup: ignoring input
[32m[I 2022-06-17 20:21:38,280][0m A new study created in memory with name: no-name-14231438-df16-43a3-b9f4-1e71982c565b[0m
[32m[I 2022-06-17 20:45:37,885][0m Trial 0 finished with value: 0.7897000000000001 and parameters: {'lr': 0.002647608560560389, 'weight_decay': 0.0014238480667542585, 'dropout': 0.6940010472831857, 'patience': 180, 'rf': 200, 'dim': 144, 'add-rate': 0.4122700642207481, 'tem': 0.9294786851406385, 'consis-rate': 1.1078036513947425}. Best is trial 0 with value: 0.7897000000000001.[0m
[32m[I 2022-06-17 21:06:11,728][0m Trial 1 finished with value: 0.7882 and parameters: {'lr': 0.002558916477716798, 'weight_decay': 0.0014651383044785161, 'dropout': 0.6224797720453196, 'patience': 135, 'rf': 225, 'dim': 120, 'add-rate': 0.3047884933896361, 'tem': 0.835033475063468, 'consis-rate': 0.967312048912129}. Best is trial 0 with value: 0.7897000000000001.[0m
[32m[I 2022-06-17 21:32:06,929][0m Trial 2 finished with value: 0.7884 and parameters: {'lr': 0.0025561825904431134, 'weight_decay': 0.0021380800790817694, 'dropout': 0.562694349714513, 'patience': 180, 'rf': 275, 'dim': 128, 'add-rate': 0.4345821693324027, 'tem': 1.0549065289054456, 'consis-rate': 0.9692782405041925}. Best is trial 0 with value: 0.7897000000000001.[0m
[32m[I 2022-06-17 21:57:37,599][0m Trial 3 finished with value: 0.7861 and parameters: {'lr': 0.002650485644463984, 'weight_decay': 0.0010471460036589927, 'dropout': 0.5124388900480841, 'patience': 180, 'rf': 225, 'dim': 184, 'add-rate': 0.4071022814812848, 'tem': 0.9310374328042151, 'consis-rate': 1.0425899728324872}. Best is trial 0 with value: 0.7897000000000001.[0m
[32m[I 2022-06-17 22:22:32,509][0m Trial 4 finished with value: 0.7882 and parameters: {'lr': 0.002500142210421622, 'weight_decay': 0.0012888844049246649, 'dropout': 0.6705354375080007, 'patience': 165, 'rf': 275, 'dim': 152, 'add-rate': 0.49010484995588066, 'tem': 1.1668119726631572, 'consis-rate': 1.0291486736330033}. Best is trial 0 with value: 0.7897000000000001.[0m
[32m[I 2022-06-17 22:37:35,348][0m Trial 5 finished with value: 0.7692 and parameters: {'lr': 0.002331154375169493, 'weight_decay': 0.0029994176564118458, 'dropout': 0.5091306016985846, 'patience': 60, 'rf': 275, 'dim': 112, 'add-rate': 0.4157949433129231, 'tem': 1.0804854985315078, 'consis-rate': 1.1190398595783566}. Best is trial 0 with value: 0.7897000000000001.[0m
[32m[I 2022-06-17 22:58:42,095][0m Trial 6 finished with value: 0.7859 and parameters: {'lr': 0.002846154440571912, 'weight_decay': 0.0013593167952105204, 'dropout': 0.5242313555877891, 'patience': 120, 'rf': 200, 'dim': 112, 'add-rate': 0.46524748893864254, 'tem': 0.825876573188266, 'consis-rate': 1.018267346390193}. Best is trial 0 with value: 0.7897000000000001.[0m
[32m[I 2022-06-17 23:25:00,642][0m Trial 7 finished with value: 0.7886 and parameters: {'lr': 0.002652350325739841, 'weight_decay': 0.002061430271967951, 'dropout': 0.5782190310692918, 'patience': 180, 'rf': 200, 'dim': 136, 'add-rate': 0.3576082250614248, 'tem': 1.0278171355938397, 'consis-rate': 1.0081742799351159}. Best is trial 0 with value: 0.7897000000000001.[0m
[32m[I 2022-06-17 23:52:25,185][0m Trial 8 finished with value: 0.7889000000000002 and parameters: {'lr': 0.0023321845564449888, 'weight_decay': 0.001584409587811625, 'dropout': 0.5224508798903063, 'patience': 180, 'rf': 250, 'dim': 168, 'add-rate': 0.35215547934859376, 'tem': 1.1657314933491203, 'consis-rate': 1.138306659732233}. Best is trial 0 with value: 0.7897000000000001.[0m
[32m[I 2022-06-18 00:17:45,856][0m Trial 9 finished with value: 0.788 and parameters: {'lr': 0.0027713463622583705, 'weight_decay': 0.002498351426022741, 'dropout': 0.6063133751634252, 'patience': 165, 'rf': 300, 'dim': 192, 'add-rate': 0.46295841014107675, 'tem': 1.123804086401622, 'consis-rate': 0.9029524033959986}. Best is trial 0 with value: 0.7897000000000001.[0m
[32m[I 2022-06-18 00:41:40,595][0m Trial 10 finished with value: 0.7801 and parameters: {'lr': 0.0020165014275811957, 'weight_decay': 0.0017696544638610096, 'dropout': 0.68866413928841, 'patience': 105, 'rf': 225, 'dim': 96, 'add-rate': 0.3784528706530713, 'tem': 0.9474212014785224, 'consis-rate': 0.8244909249517747}. Best is trial 0 with value: 0.7897000000000001.[0m
[32m[I 2022-06-18 01:05:29,266][0m Trial 11 finished with value: 0.7921000000000001 and parameters: {'lr': 0.002263399339514575, 'weight_decay': 0.0017059531578863237, 'dropout': 0.6475786428319813, 'patience': 150, 'rf': 250, 'dim': 160, 'add-rate': 0.33908863624695457, 'tem': 0.9434369474627488, 'consis-rate': 1.1946989647277069}. Best is trial 11 with value: 0.7921000000000001.[0m
[32m[I 2022-06-18 01:28:53,299][0m Trial 12 finished with value: 0.7861 and parameters: {'lr': 0.0022532944652184817, 'weight_decay': 0.001815895041566357, 'dropout': 0.6451636608780309, 'patience': 150, 'rf': 250, 'dim': 152, 'add-rate': 0.302452866230346, 'tem': 0.9293740117237737, 'consis-rate': 1.195707750671518}. Best is trial 11 with value: 0.7921000000000001.[0m
[32m[I 2022-06-18 01:52:20,688][0m Trial 13 finished with value: 0.7882 and parameters: {'lr': 0.0029498479583016405, 'weight_decay': 0.001058067089430753, 'dropout': 0.6988467455856098, 'patience': 150, 'rf': 200, 'dim': 160, 'add-rate': 0.34039140452687955, 'tem': 0.9787739207132344, 'consis-rate': 1.1973786652123148}. Best is trial 11 with value: 0.7921000000000001.[0m
[32m[I 2022-06-18 02:16:01,440][0m Trial 14 finished with value: 0.7878000000000001 and parameters: {'lr': 0.002124878548820662, 'weight_decay': 0.002375914719788115, 'dropout': 0.6569946995019549, 'patience': 90, 'rf': 300, 'dim': 176, 'add-rate': 0.3829642558368113, 'tem': 0.8754585019130842, 'consis-rate': 1.1078832432593717}. Best is trial 11 with value: 0.7921000000000001.[0m
[32m[I 2022-06-18 02:37:45,381][0m Trial 15 finished with value: 0.7883 and parameters: {'lr': 0.0023726840817913583, 'weight_decay': 0.0017125504965116779, 'dropout': 0.6351682532321938, 'patience': 135, 'rf': 225, 'dim': 144, 'add-rate': 0.33194123565204026, 'tem': 0.905143485492324, 'consis-rate': 1.0887536281913062}. Best is trial 11 with value: 0.7921000000000001.[0m
[32m[I 2022-06-18 03:03:44,685][0m Trial 16 finished with value: 0.7871 and parameters: {'lr': 0.0021236431756544586, 'weight_decay': 0.001224759506710465, 'dropout': 0.6702585274163829, 'patience': 150, 'rf': 250, 'dim': 168, 'add-rate': 0.4411868552818333, 'tem': 0.9922192394196293, 'consis-rate': 1.14759255060489}. Best is trial 11 with value: 0.7921000000000001.[0m
[32m[I 2022-06-18 03:31:54,195][0m Trial 17 finished with value: 0.7887000000000001 and parameters: {'lr': 0.002418458571487192, 'weight_decay': 0.0019356804320109814, 'dropout': 0.6683184958941982, 'patience': 165, 'rf': 200, 'dim': 136, 'add-rate': 0.3755560517164241, 'tem': 0.8712060345601303, 'consis-rate': 1.0766524955389656}. Best is trial 11 with value: 0.7921000000000001.[0m
[32m[I 2022-06-18 03:54:14,890][0m Trial 18 finished with value: 0.7889999999999999 and parameters: {'lr': 0.0022133240952620426, 'weight_decay': 0.0015442964994736345, 'dropout': 0.6147587902841073, 'patience': 135, 'rf': 250, 'dim': 152, 'add-rate': 0.32302247706552617, 'tem': 0.8014743181875137, 'consis-rate': 1.165877569058771}. Best is trial 11 with value: 0.7921000000000001.[0m
[32m[I 2022-06-18 04:11:06,103][0m Trial 19 finished with value: 0.7878000000000001 and parameters: {'lr': 0.002709149426402466, 'weight_decay': 0.0021646577569587014, 'dropout': 0.5806757169252087, 'patience': 75, 'rf': 225, 'dim': 168, 'add-rate': 0.3920650114205201, 'tem': 0.9562051129631441, 'consis-rate': 1.0774824279002648}. Best is trial 11 with value: 0.7921000000000001.[0m
[32m[I 2022-06-18 04:33:48,977][0m Trial 20 finished with value: 0.7854 and parameters: {'lr': 0.002467536713846011, 'weight_decay': 0.002692575107295446, 'dropout': 0.689102357567096, 'patience': 120, 'rf': 275, 'dim': 136, 'add-rate': 0.42295182227968864, 'tem': 1.0164830877745745, 'consis-rate': 1.171174071916656}. Best is trial 11 with value: 0.7921000000000001.[0m
[32m[I 2022-06-18 04:57:29,053][0m Trial 21 finished with value: 0.7872 and parameters: {'lr': 0.0022278897229350333, 'weight_decay': 0.0015479057816352938, 'dropout': 0.6231136960034134, 'patience': 135, 'rf': 250, 'dim': 152, 'add-rate': 0.32149027042958467, 'tem': 0.8047661696706808, 'consis-rate': 1.1582125638914378}. Best is trial 11 with value: 0.7921000000000001.[0m
[32m[I 2022-06-18 05:18:20,331][0m Trial 22 finished with value: 0.7881 and parameters: {'lr': 0.0022108778605513506, 'weight_decay': 0.001630652278370125, 'dropout': 0.6015356877949701, 'patience': 120, 'rf': 250, 'dim': 160, 'add-rate': 0.3536958219687729, 'tem': 0.8653794413036425, 'consis-rate': 1.1982552998401332}. Best is trial 11 with value: 0.7921000000000001.[0m
--dataset pubmed --dropout 0.65 --weight-decay 0.003 --lr 0.002 --lr-reduce-freq 250 --patience 150 --spt-alg prim --spt-attr similarity --model HGCN --manifold Hyperboloid --num-layers 3 --dim 128 --num-adj 4 --add-rate 0.45 --tem 0.9 --consis-rate 1 --c None
cur_param: {'lr': 0.002647608560560389, 'weight-decay': 0.0014238480667542585, 'dropout': 0.6940010472831857, 'patience': 180, 'lr-reduce-freq': 200, 'dim': 144, 'add-rate': 0.4122700642207481, 'tem': 0.9294786851406385, 'consis-rate': 1.1078036513947425}
mean: 0.7897000000000001
[0.786 0.797 0.79  0.79  0.79  0.778 0.788 0.787 0.794 0.797]
cur_param: {'lr': 0.002558916477716798, 'weight-decay': 0.0014651383044785161, 'dropout': 0.6224797720453196, 'patience': 135, 'lr-reduce-freq': 225, 'dim': 120, 'add-rate': 0.3047884933896361, 'tem': 0.835033475063468, 'consis-rate': 0.967312048912129}
mean: 0.7882
[0.788 0.781 0.798 0.784 0.786 0.79  0.786 0.795 0.792 0.782]
cur_param: {'lr': 0.0025561825904431134, 'weight-decay': 0.0021380800790817694, 'dropout': 0.562694349714513, 'patience': 180, 'lr-reduce-freq': 275, 'dim': 128, 'add-rate': 0.4345821693324027, 'tem': 1.0549065289054456, 'consis-rate': 0.9692782405041925}
mean: 0.7884
[0.788 0.785 0.795 0.785 0.795 0.782 0.786 0.787 0.792 0.789]
cur_param: {'lr': 0.002650485644463984, 'weight-decay': 0.0010471460036589927, 'dropout': 0.5124388900480841, 'patience': 180, 'lr-reduce-freq': 225, 'dim': 184, 'add-rate': 0.4071022814812848, 'tem': 0.9310374328042151, 'consis-rate': 1.0425899728324872}
mean: 0.7861
[0.786 0.789 0.784 0.785 0.792 0.778 0.784 0.79  0.784 0.789]
cur_param: {'lr': 0.002500142210421622, 'weight-decay': 0.0012888844049246649, 'dropout': 0.6705354375080007, 'patience': 165, 'lr-reduce-freq': 275, 'dim': 152, 'add-rate': 0.49010484995588066, 'tem': 1.1668119726631572, 'consis-rate': 1.0291486736330033}
mean: 0.7882
[0.785 0.785 0.79  0.784 0.79  0.788 0.791 0.791 0.796 0.782]
cur_param: {'lr': 0.002331154375169493, 'weight-decay': 0.0029994176564118458, 'dropout': 0.5091306016985846, 'patience': 60, 'lr-reduce-freq': 275, 'dim': 112, 'add-rate': 0.4157949433129231, 'tem': 1.0804854985315078, 'consis-rate': 1.1190398595783566}
mean: 0.7692
[0.65  0.782 0.785 0.784 0.791 0.78  0.758 0.785 0.793 0.784]
cur_param: {'lr': 0.002846154440571912, 'weight-decay': 0.0013593167952105204, 'dropout': 0.5242313555877891, 'patience': 120, 'lr-reduce-freq': 200, 'dim': 112, 'add-rate': 0.46524748893864254, 'tem': 0.825876573188266, 'consis-rate': 1.018267346390193}
mean: 0.7859
[0.788 0.793 0.789 0.785 0.789 0.787 0.767 0.784 0.787 0.79 ]
cur_param: {'lr': 0.002652350325739841, 'weight-decay': 0.002061430271967951, 'dropout': 0.5782190310692918, 'patience': 180, 'lr-reduce-freq': 200, 'dim': 136, 'add-rate': 0.3576082250614248, 'tem': 1.0278171355938397, 'consis-rate': 1.0081742799351159}
mean: 0.7886
[0.79  0.789 0.789 0.791 0.792 0.782 0.783 0.781 0.792 0.797]
cur_param: {'lr': 0.0023321845564449888, 'weight-decay': 0.001584409587811625, 'dropout': 0.5224508798903063, 'patience': 180, 'lr-reduce-freq': 250, 'dim': 168, 'add-rate': 0.35215547934859376, 'tem': 1.1657314933491203, 'consis-rate': 1.138306659732233}
mean: 0.7889000000000002
[0.785 0.791 0.794 0.789 0.791 0.78  0.791 0.786 0.788 0.794]
cur_param: {'lr': 0.0027713463622583705, 'weight-decay': 0.002498351426022741, 'dropout': 0.6063133751634252, 'patience': 165, 'lr-reduce-freq': 300, 'dim': 192, 'add-rate': 0.46295841014107675, 'tem': 1.123804086401622, 'consis-rate': 0.9029524033959986}
mean: 0.788
[0.794 0.786 0.79  0.788 0.793 0.781 0.786 0.789 0.788 0.785]
cur_param: {'lr': 0.0020165014275811957, 'weight-decay': 0.0017696544638610096, 'dropout': 0.68866413928841, 'patience': 105, 'lr-reduce-freq': 225, 'dim': 96, 'add-rate': 0.3784528706530713, 'tem': 0.9474212014785224, 'consis-rate': 0.8244909249517747}
mean: 0.7801
[0.79  0.785 0.711 0.776 0.792 0.776 0.798 0.788 0.792 0.793]
cur_param: {'lr': 0.002263399339514575, 'weight-decay': 0.0017059531578863237, 'dropout': 0.6475786428319813, 'patience': 150, 'lr-reduce-freq': 250, 'dim': 160, 'add-rate': 0.33908863624695457, 'tem': 0.9434369474627488, 'consis-rate': 1.1946989647277069}
mean: 0.7921000000000001
[0.79  0.789 0.789 0.786 0.793 0.792 0.799 0.796 0.793 0.794]
cur_param: {'lr': 0.0022532944652184817, 'weight-decay': 0.001815895041566357, 'dropout': 0.6451636608780309, 'patience': 150, 'lr-reduce-freq': 250, 'dim': 152, 'add-rate': 0.302452866230346, 'tem': 0.9293740117237737, 'consis-rate': 1.195707750671518}
mean: 0.7861
[0.782 0.783 0.792 0.782 0.791 0.783 0.789 0.779 0.796 0.784]
cur_param: {'lr': 0.0029498479583016405, 'weight-decay': 0.001058067089430753, 'dropout': 0.6988467455856098, 'patience': 150, 'lr-reduce-freq': 200, 'dim': 160, 'add-rate': 0.34039140452687955, 'tem': 0.9787739207132344, 'consis-rate': 1.1973786652123148}
mean: 0.7882
[0.784 0.781 0.793 0.779 0.793 0.782 0.799 0.79  0.797 0.784]
cur_param: {'lr': 0.002124878548820662, 'weight-decay': 0.002375914719788115, 'dropout': 0.6569946995019549, 'patience': 90, 'lr-reduce-freq': 300, 'dim': 176, 'add-rate': 0.3829642558368113, 'tem': 0.8754585019130842, 'consis-rate': 1.1078832432593717}
mean: 0.7878000000000001
[0.788 0.792 0.787 0.771 0.792 0.786 0.794 0.788 0.792 0.788]
cur_param: {'lr': 0.0023726840817913583, 'weight-decay': 0.0017125504965116779, 'dropout': 0.6351682532321938, 'patience': 135, 'lr-reduce-freq': 225, 'dim': 144, 'add-rate': 0.33194123565204026, 'tem': 0.905143485492324, 'consis-rate': 1.0887536281913062}
mean: 0.7883
[0.786 0.8   0.787 0.785 0.787 0.782 0.786 0.782 0.796 0.792]
cur_param: {'lr': 0.0021236431756544586, 'weight-decay': 0.001224759506710465, 'dropout': 0.6702585274163829, 'patience': 150, 'lr-reduce-freq': 250, 'dim': 168, 'add-rate': 0.4411868552818333, 'tem': 0.9922192394196293, 'consis-rate': 1.14759255060489}
mean: 0.7871
[0.786 0.78  0.797 0.771 0.792 0.779 0.793 0.786 0.797 0.79 ]
cur_param: {'lr': 0.002418458571487192, 'weight-decay': 0.0019356804320109814, 'dropout': 0.6683184958941982, 'patience': 165, 'lr-reduce-freq': 200, 'dim': 136, 'add-rate': 0.3755560517164241, 'tem': 0.8712060345601303, 'consis-rate': 1.0766524955389656}
mean: 0.7887000000000001
[0.797 0.79  0.789 0.783 0.787 0.782 0.785 0.787 0.793 0.794]
cur_param: {'lr': 0.0022133240952620426, 'weight-decay': 0.0015442964994736345, 'dropout': 0.6147587902841073, 'patience': 135, 'lr-reduce-freq': 250, 'dim': 152, 'add-rate': 0.32302247706552617, 'tem': 0.8014743181875137, 'consis-rate': 1.165877569058771}
mean: 0.7889999999999999
[0.782 0.786 0.789 0.788 0.789 0.786 0.792 0.793 0.796 0.789]
cur_param: {'lr': 0.002709149426402466, 'weight-decay': 0.0021646577569587014, 'dropout': 0.5806757169252087, 'patience': 75, 'lr-reduce-freq': 225, 'dim': 168, 'add-rate': 0.3920650114205201, 'tem': 0.9562051129631441, 'consis-rate': 1.0774824279002648}
mean: 0.7878000000000001
[0.785 0.789 0.789 0.789 0.791 0.782 0.785 0.783 0.793 0.792]
cur_param: {'lr': 0.002467536713846011, 'weight-decay': 0.002692575107295446, 'dropout': 0.689102357567096, 'patience': 120, 'lr-reduce-freq': 275, 'dim': 136, 'add-rate': 0.42295182227968864, 'tem': 1.0164830877745745, 'consis-rate': 1.171174071916656}
mean: 0.7854
[0.784 0.786 0.781 0.784 0.791 0.779 0.78  0.783 0.791 0.795]
cur_param: {'lr': 0.0022278897229350333, 'weight-decay': 0.0015479057816352938, 'dropout': 0.6231136960034134, 'patience': 135, 'lr-reduce-freq': 250, 'dim': 152, 'add-rate': 0.32149027042958467, 'tem': 0.8047661696706808, 'consis-rate': 1.1582125638914378}
mean: 0.7872
[0.784 0.788 0.79  0.781 0.791 0.783 0.79  0.787 0.797 0.781]
cur_param: {'lr': 0.0022108778605513506, 'weight-decay': 0.001630652278370125, 'dropout': 0.6015356877949701, 'patience': 120, 'lr-reduce-freq': 250, 'dim': 160, 'add-rate': 0.3536958219687729, 'tem': 0.8653794413036425, 'consis-rate': 1.1982552998401332}
mean: 0.7881
[0.789 0.789 0.79  0.787 0.792 0.784 0.792 0.781 0.791 0.786]
cur_param: {'lr': 0.0020018043570727982, 'weight-decay': 0.0013993467619720981, 'dropout': 0.6420873400871498, 'patience': 150, 'lr-reduce-freq': 275, 'dim': 144, 'add-rate': 0.3232306160622177, 'tem': 0.9102057747259977, 'consis-rate': 1.1210802291796937}[32m[I 2022-06-18 05:42:38,575][0m Trial 23 finished with value: 0.7877000000000001 and parameters: {'lr': 0.0020018043570727982, 'weight_decay': 0.0013993467619720981, 'dropout': 0.6420873400871498, 'patience': 150, 'rf': 275, 'dim': 144, 'add-rate': 0.3232306160622177, 'tem': 0.9102057747259977, 'consis-rate': 1.1210802291796937}. Best is trial 11 with value: 0.7921000000000001.[0m
[32m[I 2022-06-18 06:06:39,825][0m Trial 24 finished with value: 0.7886 and parameters: {'lr': 0.002128760957431386, 'weight_decay': 0.0011806622606698241, 'dropout': 0.618370109816417, 'patience': 165, 'rf': 225, 'dim': 160, 'add-rate': 0.3653591741149621, 'tem': 0.8915989157126316, 'consis-rate': 1.1587556939513894}. Best is trial 11 with value: 0.7921000000000001.[0m
[32m[I 2022-06-18 06:29:10,814][0m Trial 25 finished with value: 0.7866000000000001 and parameters: {'lr': 0.002273445013965595, 'weight_decay': 0.001971341902051492, 'dropout': 0.5837100236807719, 'patience': 135, 'rf': 300, 'dim': 176, 'add-rate': 0.3925081806585259, 'tem': 0.8439258660291445, 'consis-rate': 1.0577528318820433}. Best is trial 11 with value: 0.7921000000000001.[0m
[32m[I 2022-06-18 06:49:40,695][0m Trial 26 finished with value: 0.7883000000000001 and parameters: {'lr': 0.002432858769493013, 'weight_decay': 0.0018528686621092285, 'dropout': 0.6485198399927957, 'patience': 105, 'rf': 250, 'dim': 128, 'add-rate': 0.31562813598998835, 'tem': 0.9726471029680158, 'consis-rate': 1.1658365724611637}. Best is trial 11 with value: 0.7921000000000001.[0m
[32m[I 2022-06-18 07:13:09,613][0m Trial 27 finished with value: 0.788 and parameters: {'lr': 0.00256674695615286, 'weight_decay': 0.0015142936850362115, 'dropout': 0.5546764426653262, 'patience': 165, 'rf': 250, 'dim': 152, 'add-rate': 0.34108522769717253, 'tem': 1.072895540301585, 'consis-rate': 1.101478848216334}. Best is trial 11 with value: 0.7921000000000001.[0m
[32m[I 2022-06-18 07:39:37,787][0m Trial 28 finished with value: 0.7866 and parameters: {'lr': 0.0021846502024575557, 'weight_decay': 0.0016786070906446425, 'dropout': 0.6599475113849195, 'patience': 150, 'rf': 200, 'dim': 144, 'add-rate': 0.40516526887034376, 'tem': 1.021063176459299, 'consis-rate': 1.1327556738689475}. Best is trial 11 with value: 0.7921000000000001.[0m
[32m[I 2022-06-18 08:02:31,380][0m Trial 29 finished with value: 0.7867000000000001 and parameters: {'lr': 0.0025348574523750287, 'weight_decay': 0.001502776914660941, 'dropout': 0.631919494055435, 'patience': 135, 'rf': 225, 'dim': 120, 'add-rate': 0.3053053107535251, 'tem': 0.8449672991705061, 'consis-rate': 0.977719838129917}. Best is trial 11 with value: 0.7921000000000001.[0m
[32m[I 2022-06-18 08:23:02,896][0m Trial 30 finished with value: 0.7854 and parameters: {'lr': 0.002624975111417236, 'weight_decay': 0.00140464931780048, 'dropout': 0.6165891554471947, 'patience': 135, 'rf': 275, 'dim': 176, 'add-rate': 0.3665815630644846, 'tem': 0.8031748859444301, 'consis-rate': 0.9097370236073281}. Best is trial 11 with value: 0.7921000000000001.[0m
[32m[I 2022-06-18 08:48:01,349][0m Trial 31 finished with value: 0.7883 and parameters: {'lr': 0.00231791691392585, 'weight_decay': 0.0015538647201836732, 'dropout': 0.5441786979326348, 'patience': 180, 'rf': 250, 'dim': 168, 'add-rate': 0.3443872719452571, 'tem': 1.1918467410445293, 'consis-rate': 1.133246418744695}. Best is trial 11 with value: 0.7921000000000001.[0m
[32m[I 2022-06-18 09:16:12,226][0m Trial 32 finished with value: 0.7905 and parameters: {'lr': 0.0023698762597722262, 'weight_decay': 0.0017023740049739392, 'dropout': 0.6819246456112493, 'patience': 180, 'rf': 250, 'dim': 160, 'add-rate': 0.330340896570512, 'tem': 1.1215694868297716, 'consis-rate': 1.1777346165859797}. Best is trial 11 with value: 0.7921000000000001.[0m
[32m[I 2022-06-18 09:41:36,708][0m Trial 33 finished with value: 0.7908000000000001 and parameters: {'lr': 0.0023829403937196633, 'weight_decay': 0.002189364393564669, 'dropout': 0.6912271607239701, 'patience': 180, 'rf': 275, 'dim': 160, 'add-rate': 0.33017209106637724, 'tem': 1.107063160588631, 'consis-rate': 1.1767042775945966}. Best is trial 11 with value: 0.7921000000000001.[0m
[32m[I 2022-06-18 10:07:30,485][0m Trial 34 finished with value: 0.7905 and parameters: {'lr': 0.002437058332461677, 'weight_decay': 0.002206502383249955, 'dropout': 0.6834949354302687, 'patience': 180, 'rf': 275, 'dim': 160, 'add-rate': 0.4432110787282865, 'tem': 1.1184876822448233, 'consis-rate': 1.179954239584441}. Best is trial 11 with value: 0.7921000000000001.[0m
