[32m[I 2022-06-19 22:12:42,243][0m Trial 121 finished with value: 0.7879000000000002 and parameters: {'lr': 0.002295237021768323, 'weight_decay': 0.0021133080883675628, 'dropout': 0.6865515174792489, 'patience': 105, 'rf': 250, 'dim': 160, 'add-rate': 0.36601922375773016, 'tem': 1.0389569474188833, 'consis-rate': 1.164560689274839}. Best is trial 11 with value: 0.7921000000000001.[0m

cur_param: {'lr': 0.002417775243139219, 'weight-decay': 0.002306170696195877, 'dropout': 0.6690955795073894, 'patience': 165, 'lr-reduce-freq': 250, 'dim': 152, 'add-rate': 0.3654071755292245, 'tem': 1.0175124711528154, 'consis-rate': 1.111701113276275}
mean: 0.7871
[0.784 0.784 0.789 0.785 0.79  0.787 0.789 0.787 0.794 0.782]
cur_param: {'lr': 0.0023420467516433972, 'weight-decay': 0.0026153891520989594, 'dropout': 0.540457078581199, 'patience': 180, 'lr-reduce-freq': 250, 'dim': 168, 'add-rate': 0.3269533388721144, 'tem': 1.1569771342892445, 'consis-rate': 0.8534392544417686}
mean: 0.7868
[0.782 0.785 0.793 0.788 0.79  0.783 0.788 0.782 0.786 0.791]
cur_param: {'lr': 0.0025218193655037286, 'weight-decay': 0.0019828747385602355, 'dropout': 0.6825638262238496, 'patience': 165, 'lr-reduce-freq': 275, 'dim': 160, 'add-rate': 0.3511194528704241, 'tem': 1.1177863960049184, 'consis-rate': 1.174239913217147}
mean: 0.7895000000000001
[0.791 0.785 0.79  0.783 0.791 0.785 0.794 0.788 0.796 0.792]
cur_param: {'lr': 0.002480721890200943, 'weight-decay': 0.0024568948455875148, 'dropout': 0.6964815169322635, 'patience': 150, 'lr-reduce-freq': 250, 'dim': 168, 'add-rate': 0.38902978901381746, 'tem': 0.9921747464253582, 'consis-rate': 1.1914336638694756}
mean: 0.7886
[0.792 0.785 0.793 0.792 0.79  0.783 0.795 0.778 0.793 0.785]
cur_param: {'lr': 0.002453874565328245, 'weight-decay': 0.0023729375626517207, 'dropout': 0.6752531606072578, 'patience': 150, 'lr-reduce-freq': 250, 'dim': 160, 'add-rate': 0.35790372335758863, 'tem': 0.9590957586248425, 'consis-rate': 1.1843982236427446}
mean: 0.7894
[0.782 0.786 0.793 0.784 0.791 0.786 0.796 0.797 0.791 0.788]
cur_param: {'lr': 0.002423636247038042, 'weight-decay': 0.0022814780795891217, 'dropout': 0.6905882569340158, 'patience': 150, 'lr-reduce-freq': 250, 'dim': 168, 'add-rate': 0.38003683024022894, 'tem': 0.9816387356260422, 'consis-rate': 1.167452220486852}
mean: 0.7887000000000002
[0.782 0.785 0.793 0.793 0.791 0.785 0.787 0.787 0.796 0.788]
cur_param: {'lr': 0.002390513310043455, 'weight-decay': 0.0024148017092958545, 'dropout': 0.6823731226002218, 'patience': 180, 'lr-reduce-freq': 250, 'dim': 152, 'add-rate': 0.4847256631514131, 'tem': 1.0241116535043455, 'consis-rate': 1.1944075181778877}
mean: 0.7878000000000001
[0.787 0.787 0.79  0.782 0.792 0.784 0.785 0.787 0.798 0.786]
cur_param: {'lr': 0.002488561624351654, 'weight-decay': 0.001691767887037886, 'dropout': 0.6851073336768249, 'patience': 150, 'lr-reduce-freq': 250, 'dim': 160, 'add-rate': 0.36697311179882036, 'tem': 0.9956235604867723, 'consis-rate': 1.1633036966962553}
mean: 0.7912000000000001
[0.785 0.781 0.793 0.794 0.789 0.794 0.799 0.787 0.797 0.793]
cur_param: {'lr': 0.002559408984765038, 'weight-decay': 0.0016989285158330628, 'dropout': 0.6644530985023365, 'patience': 135, 'lr-reduce-freq': 250, 'dim': 160, 'add-rate': 0.3686771244696531, 'tem': 1.1997452258765318, 'consis-rate': 1.1613710270473419}
mean: 0.7892
[0.784 0.783 0.794 0.789 0.791 0.784 0.799 0.789 0.792 0.787]
cur_param: {'lr': 0.0025096872514325814, 'weight-decay': 0.0016136651134668748, 'dropout': 0.6856777941711434, 'patience': 165, 'lr-reduce-freq': 275, 'dim': 160, 'add-rate': 0.37434116788828453, 'tem': 0.9979838717326264, 'consis-rate': 1.152108256604448}
mean: 0.7897000000000001
[0.783 0.787 0.795 0.778 0.791 0.784 0.797 0.795 0.798 0.789]
cur_param: {'lr': 0.002467165994380066, 'weight-decay': 0.0018172109369582689, 'dropout': 0.6712815391854625, 'patience': 180, 'lr-reduce-freq': 225, 'dim': 152, 'add-rate': 0.3620047602701896, 'tem': 0.9684791221055417, 'consis-rate': 1.1741402470855076}
mean: 0.7858
[0.782 0.787 0.79  0.775 0.789 0.779 0.788 0.782 0.798 0.788]
cur_param: {'lr': 0.0023118783981272684, 'weight-decay': 0.002205975766089596, 'dropout': 0.6766900726804144, 'patience': 150, 'lr-reduce-freq': 250, 'dim': 160, 'add-rate': 0.31081266906183425, 'tem': 0.936254707153653, 'consis-rate': 1.1453029404683797}
mean: 0.7883000000000001
[0.779 0.783 0.79  0.779 0.789 0.784 0.8   0.797 0.794 0.788]
cur_param: {'lr': 0.002356523761167542, 'weight-decay': 0.002098373740275434, 'dropout': 0.6564609372916826, 'patience': 90, 'lr-reduce-freq': 250, 'dim': 160, 'add-rate': 0.34030688583368646, 'tem': 1.1089172408920793, 'consis-rate': 1.1820032335885127}
mean: 0.7904
[0.786 0.789 0.787 0.781 0.788 0.792 0.795 0.797 0.797 0.792]
cur_param: {'lr': 0.0023612521894142524, 'weight-decay': 0.0020332019571186674, 'dropout': 0.657087847577889, 'patience': 180, 'lr-reduce-freq': 250, 'dim': 160, 'add-rate': 0.3349193888013043, 'tem': 1.1234898599065195, 'consis-rate': 1.1800510851520243}
mean: 0.7897000000000001
[0.78  0.787 0.792 0.785 0.79  0.788 0.797 0.795 0.794 0.789]
cur_param: {'lr': 0.00225716238788774, 'weight-decay': 0.001656758385218124, 'dropout': 0.6898770750009217, 'patience': 135, 'lr-reduce-freq': 250, 'dim': 160, 'add-rate': 0.355345525451457, 'tem': 1.0127800047443183, 'consis-rate': 1.1653478999280062}
mean: 0.7894
[0.783 0.783 0.794 0.783 0.789 0.786 0.802 0.792 0.796 0.786]
cur_param: {'lr': 0.0024293924580401794, 'weight-decay': 0.002092473853742584, 'dropout': 0.6429792870811832, 'patience': 90, 'lr-reduce-freq': 250, 'dim': 160, 'add-rate': 0.3399327499724759, 'tem': 0.9527067863539452, 'consis-rate': 1.1300919930353914}
mean: 0.7877
[0.78  0.788 0.794 0.782 0.783 0.782 0.79  0.797 0.794 0.787]
cur_param: {'lr': 0.002400459065282102, 'weight-decay': 0.0019115473712135493, 'dropout': 0.6597082871456323, 'patience': 150, 'lr-reduce-freq': 250, 'dim': 152, 'add-rate': 0.3467170477688102, 'tem': 1.101695500438811, 'consis-rate': 1.1901226113390293}
mean: 0.7879000000000002
[0.782 0.785 0.791 0.777 0.791 0.788 0.788 0.794 0.798 0.785]
cur_param: {'lr': 0.0023776154573908613, 'weight-decay': 0.002175716087456456, 'dropout': 0.6487273684378284, 'patience': 75, 'lr-reduce-freq': 250, 'dim': 168, 'add-rate': 0.32044594112755576, 'tem': 1.1354291422726763, 'consis-rate': 1.1559901198024873}
mean: 0.7876000000000001
[0.79  0.787 0.789 0.788 0.79  0.784 0.788 0.782 0.793 0.785]
cur_param: {'lr': 0.002275655546843382, 'weight-decay': 0.001573096138917477, 'dropout': 0.6845492894005435, 'patience': 105, 'lr-reduce-freq': 250, 'dim': 160, 'add-rate': 0.33173644646298694, 'tem': 1.0320370632528502, 'consis-rate': 1.1756185051967243}
mean: 0.7914000000000001
[0.792 0.787 0.794 0.795 0.785 0.785 0.801 0.791 0.799 0.785]
cur_param: {'lr': 0.002193035832897171, 'weight-decay': 0.0015297224527418348, 'dropout': 0.6784450368900161, 'patience': 105, 'lr-reduce-freq': 250, 'dim': 168, 'add-rate': 0.33096610624266276, 'tem': 1.0888873127874867, 'consis-rate': 1.183781817273676}
mean: 0.7872000000000001
[0.782 0.783 0.793 0.789 0.787 0.778 0.789 0.786 0.797 0.788]
cur_param: {'lr': 0.002275507066967026, 'weight-decay': 0.0015919188566214857, 'dropout': 0.6831818620608173, 'patience': 90, 'lr-reduce-freq': 275, 'dim': 152, 'add-rate': 0.32420340152634075, 'tem': 1.1081349438055104, 'consis-rate': 1.1735520295426953}
mean: 0.788
[0.787 0.791 0.793 0.778 0.798 0.782 0.783 0.796 0.79  0.782]
cur_param: {'lr': 0.0023287876304313535, 'weight-decay': 0.0015751777322295887, 'dropout': 0.6672921281878698, 'patience': 105, 'lr-reduce-freq': 250, 'dim': 152, 'add-rate': 0.33904000313603294, 'tem': 1.03059062343266, 'consis-rate': 1.1427860677522386}
mean: 0.7874000000000001
[0.787 0.786 0.791 0.785 0.79  0.781 0.787 0.794 0.793 0.78 ]
cur_param: {'lr': 0.0022429536672436954, 'weight-decay': 0.0013577230939792147, 'dropout': 0.6358306065552689, 'patience': 90, 'lr-reduce-freq': 250, 'dim': 160, 'add-rate': 0.3456033263195158, 'tem': 1.0498772432114485, 'consis-rate': 0.8002803922822403}
mean: 0.7892000000000001
[0.781 0.786 0.789 0.787 0.793 0.783 0.795 0.795 0.794 0.789]
cur_param: {'lr': 0.002295237021768323, 'weight-decay': 0.0021133080883675628, 'dropout': 0.6865515174792489, 'patience': 105, 'lr-reduce-freq': 250, 'dim': 160, 'add-rate': 0.36601922375773016, 'tem': 1.0389569474188833, 'consis-rate': 1.164560689274839}
mean: 0.7879000000000002
[0.781 0.786 0.795 0.776 0.786 0.785 0.797 0.797 0.794 0.782]
cur_param: {'lr': 0.00244052758415727, 'weight-decay': 0.0017264878776727657, 'dropout': 0.6972649691352177, 'patience': 90, 'lr-reduce-freq': 250, 'dim': 160, 'add-rate': 0.35798104180780593, 'tem': 1.0032212234766156, 'consis-rate': 1.1762085211537716}[32m[I 2022-06-19 22:32:44,991][0m Trial 122 finished with value: 0.7894 and parameters: {'lr': 0.00244052758415727, 'weight_decay': 0.0017264878776727657, 'dropout': 0.6972649691352177, 'patience': 90, 'rf': 250, 'dim': 160, 'add-rate': 0.35798104180780593, 'tem': 1.0032212234766156, 'consis-rate': 1.1762085211537716}. Best is trial 11 with value: 0.7921000000000001.[0m
[32m[I 2022-06-19 22:56:09,041][0m Trial 123 finished with value: 0.7908000000000002 and parameters: {'lr': 0.002354054507762025, 'weight_decay': 0.0017699602119473998, 'dropout': 0.6914848956700269, 'patience': 120, 'rf': 250, 'dim': 160, 'add-rate': 0.3835557953924741, 'tem': 1.0598826019942575, 'consis-rate': 1.1930037103459998}. Best is trial 11 with value: 0.7921000000000001.[0m
[32m[I 2022-06-19 23:18:59,712][0m Trial 124 finished with value: 0.7868 and parameters: {'lr': 0.002340504002493837, 'weight_decay': 0.001793117195328892, 'dropout': 0.6917807461955338, 'patience': 120, 'rf': 250, 'dim': 168, 'add-rate': 0.3883304071702119, 'tem': 1.0742101887951174, 'consis-rate': 1.1858198125614274}. Best is trial 11 with value: 0.7921000000000001.[0m
[32m[I 2022-06-19 23:42:08,512][0m Trial 125 finished with value: 0.7903 and parameters: {'lr': 0.00221969193600395, 'weight_decay': 0.0018576350893131652, 'dropout': 0.6750385384319563, 'patience': 120, 'rf': 250, 'dim': 160, 'add-rate': 0.38443833580194514, 'tem': 1.0600085033363646, 'consis-rate': 1.1942904922137019}. Best is trial 11 with value: 0.7921000000000001.[0m
[32m[I 2022-06-20 00:03:32,951][0m Trial 126 finished with value: 0.7895000000000001 and parameters: {'lr': 0.0023525196170356266, 'weight_decay': 0.0016775383160801114, 'dropout': 0.6994815742210774, 'patience': 120, 'rf': 250, 'dim': 160, 'add-rate': 0.3798749165929635, 'tem': 1.0979883943394166, 'consis-rate': 1.1995396576881887}. Best is trial 11 with value: 0.7921000000000001.[0m
[32m[I 2022-06-20 00:25:21,066][0m Trial 127 finished with value: 0.7874999999999999 and parameters: {'lr': 0.002259619713196528, 'weight_decay': 0.001762839824319308, 'dropout': 0.6831244813478946, 'patience': 105, 'rf': 250, 'dim': 152, 'add-rate': 0.33264751531463604, 'tem': 1.126045652503997, 'consis-rate': 1.1696979899172086}. Best is trial 11 with value: 0.7921000000000001.[0m
[32m[I 2022-06-20 00:46:00,409][0m Trial 128 finished with value: 0.7874000000000001 and parameters: {'lr': 0.002146261575590498, 'weight_decay': 0.002226930958611777, 'dropout': 0.6909369635976493, 'patience': 90, 'rf': 250, 'dim': 160, 'add-rate': 0.3725839683555076, 'tem': 1.0258925969364368, 'consis-rate': 1.178849937334197}. Best is trial 11 with value: 0.7921000000000001.[0m
[32m[I 2022-06-20 01:12:48,091][0m Trial 129 finished with value: 0.7884 and parameters: {'lr': 0.0023065702450101007, 'weight_decay': 0.0016292631583204814, 'dropout': 0.679711459582964, 'patience': 180, 'rf': 250, 'dim': 168, 'add-rate': 0.32838970750178553, 'tem': 1.1520592624176473, 'consis-rate': 1.1546753432451917}. Best is trial 11 with value: 0.7921000000000001.[0m
[32m[I 2022-06-20 01:32:34,860][0m Trial 130 finished with value: 0.7839 and parameters: {'lr': 0.0023706568534613754, 'weight_decay': 0.0019513899236111088, 'dropout': 0.6710710096141796, 'patience': 75, 'rf': 250, 'dim': 152, 'add-rate': 0.35052217816406467, 'tem': 0.915946456500034, 'consis-rate': 1.1893662847671902}. Best is trial 11 with value: 0.7921000000000001.[0m
[32m[I 2022-06-20 01:55:31,262][0m Trial 131 finished with value: 0.7859 and parameters: {'lr': 0.0020944934161661595, 'weight_decay': 0.0018576575632393197, 'dropout': 0.6876699605291716, 'patience': 120, 'rf': 250, 'dim': 160, 'add-rate': 0.38470641980427034, 'tem': 1.057153652718679, 'consis-rate': 1.1906490805191607}. Best is trial 11 with value: 0.7921000000000001.[0m
[32m[I 2022-06-20 02:17:11,046][0m Trial 132 finished with value: 0.7881 and parameters: {'lr': 0.002223120058392768, 'weight_decay': 0.0018354373924517311, 'dropout': 0.6747613090858883, 'patience': 120, 'rf': 250, 'dim': 160, 'add-rate': 0.39157084636592143, 'tem': 1.0630169965141203, 'consis-rate': 1.1837979651408397}. Best is trial 11 with value: 0.7921000000000001.[0m
[32m[I 2022-06-20 02:40:40,891][0m Trial 133 finished with value: 0.7901 and parameters: {'lr': 0.002182927187535952, 'weight_decay': 0.0018720474121441903, 'dropout': 0.6935584501923345, 'patience': 120, 'rf': 250, 'dim': 160, 'add-rate': 0.37642203277384134, 'tem': 1.085256157794383, 'consis-rate': 1.1935168099858415}. Best is trial 11 with value: 0.7921000000000001.[0m
[32m[I 2022-06-20 03:01:50,995][0m Trial 134 finished with value: 0.7879 and parameters: {'lr': 0.0022326570035057446, 'weight_decay': 0.0017686982239215735, 'dropout': 0.6618999642241179, 'patience': 120, 'rf': 250, 'dim': 160, 'add-rate': 0.36861512263631036, 'tem': 1.0444897157785014, 'consis-rate': 1.1716600133070934}. Best is trial 11 with value: 0.7921000000000001.[0m
[32m[I 2022-06-20 03:24:54,153][0m Trial 135 finished with value: 0.7887000000000001 and parameters: {'lr': 0.0022075128725880192, 'weight_decay': 0.002000049614768318, 'dropout': 0.6776067114247976, 'patience': 105, 'rf': 275, 'dim': 168, 'add-rate': 0.402772032081447, 'tem': 1.1169147036663638, 'consis-rate': 1.1781410224703661}. Best is trial 11 with value: 0.7921000000000001.[0m
[32m[I 2022-06-20 03:53:22,465][0m Trial 136 finished with value: 0.7865 and parameters: {'lr': 0.0022686623231993374, 'weight_decay': 0.0016874406461155381, 'dropout': 0.6835881724797201, 'patience': 180, 'rf': 250, 'dim': 152, 'add-rate': 0.38393543908967187, 'tem': 1.0366490601228249, 'consis-rate': 1.162432544288351}. Best is trial 11 with value: 0.7921000000000001.[0m
[32m[I 2022-06-20 04:19:16,162][0m Trial 137 finished with value: 0.7885000000000001 and parameters: {'lr': 0.0022863233144469934, 'weight_decay': 0.0021669653650085276, 'dropout': 0.6720938671840169, 'patience': 180, 'rf': 250, 'dim': 160, 'add-rate': 0.33748866051192167, 'tem': 1.0759645786148766, 'consis-rate': 1.194307129101176}. Best is trial 11 with value: 0.7921000000000001.[0m
[32m[I 2022-06-20 04:42:32,386][0m Trial 138 finished with value: 0.7872 and parameters: {'lr': 0.002408919760654187, 'weight_decay': 0.002257248927363812, 'dropout': 0.6540532776342435, 'patience': 120, 'rf': 250, 'dim': 168, 'add-rate': 0.378014122365157, 'tem': 1.0544350649552134, 'consis-rate': 1.1999763860718062}. Best is trial 11 with value: 0.7921000000000001.[0m
[32m[I 2022-06-20 05:06:52,859][0m Trial 139 finished with value: 0.7879 and parameters: {'lr': 0.002540856000695796, 'weight_decay': 0.0017247131454684232, 'dropout': 0.680450552878174, 'patience': 135, 'rf': 250, 'dim': 160, 'add-rate': 0.3433958143047179, 'tem': 0.9762207392142556, 'consis-rate': 1.1485865045027934}. Best is trial 11 with value: 0.7921000000000001.[0m
[32m[I 2022-06-20 05:31:17,455][0m Trial 140 finished with value: 0.788 and parameters: {'lr': 0.0023203661436243476, 'weight_decay': 0.0023231878154709317, 'dropout': 0.5901043354330222, 'patience': 165, 'rf': 250, 'dim': 152, 'add-rate': 0.3230599691750063, 'tem': 1.0680013201477905, 'consis-rate': 1.169290817073613}. Best is trial 11 with value: 0.7921000000000001.[0m
[32m[I 2022-06-20 05:57:01,706][0m Trial 141 finished with value: 0.7898000000000001 and parameters: {'lr': 0.002472449499209568, 'weight_decay': 0.002441711852835004, 'dropout': 0.6881508525406534, 'patience': 150, 'rf': 250, 'dim': 160, 'add-rate': 0.3631561281552376, 'tem': 1.0056555899040551, 'consis-rate': 1.163534968448547}. Best is trial 11 with value: 0.7921000000000001.[0m
[32m[I 2022-06-20 06:22:05,544][0m Trial 142 finished with value: 0.7914000000000001 and parameters: {'lr': 0.0024467224779041756, 'weight_decay': 0.0014887280375009096, 'dropout': 0.6861562060099579, 'patience': 150, 'rf': 250, 'dim': 160, 'add-rate': 0.37053225413072627, 'tem': 1.0183265724813173, 'consis-rate': 1.181895497335446}. Best is trial 11 with value: 0.7921000000000001.[0m
[32m[I 2022-06-20 06:46:29,593][0m Trial 143 finished with value: 0.7873 and parameters: {'lr': 0.0024903324881169623, 'weight_decay': 0.0015619276731043015, 'dropout': 0.6943141234609316, 'patience': 150, 'rf': 250, 'dim': 160, 'add-rate': 0.3731104459176856, 'tem': 1.017921453672589, 'consis-rate': 1.1812750883948062}. Best is trial 11 with value: 0.7921000000000001.[0m
[32m[I 2022-06-20 07:09:55,481][0m Trial 144 finished with value: 0.7879 and parameters: {'lr': 0.002392701196623763, 'weight_decay': 0.00204927772838487, 'dropout': 0.6757844920023679, 'patience': 150, 'rf': 250, 'dim': 160, 'add-rate': 0.3822499905983688, 'tem': 0.987318422066709, 'consis-rate': 1.1850150379481987}. Best is trial 11 with value: 0.7921000000000001.[0m
[32m[I 2022-06-20 07:36:19,239][0m Trial 145 finished with value: 0.7854 and parameters: {'lr': 0.00251840249677065, 'weight_decay': 0.0014211616823221376, 'dropout': 0.6845771303135951, 'patience': 180, 'rf': 250, 'dim': 168, 'add-rate': 0.3656905742487501, 'tem': 1.0237007813691867, 'consis-rate': 1.1751001788661}. Best is trial 11 with value: 0.7921000000000001.[0m
