[32m[I 2022-06-20 17:34:56,188][0m Trial 171 finished with value: 0.7921 and parameters: {'lr': 0.0023748861735998247, 'weight_decay': 0.001266489721668032, 'dropout': 0.6823944961506193, 'patience': 180, 'rf': 250, 'dim': 160, 'add-rate': 0.33967034702862897, 'tem': 1.110958635583409, 'consis-rate': 1.1760821797413554}. Best is trial 11 with value: 0.7921000000000001.[0m

mean: 0.7905
[0.787 0.784 0.791 0.786 0.795 0.787 0.798 0.793 0.796 0.788]
cur_param: {'lr': 0.0024292308279258525, 'weight-decay': 0.0015049473705242133, 'dropout': 0.6969584439007582, 'patience': 135, 'lr-reduce-freq': 250, 'dim': 168, 'add-rate': 0.3918364862643451, 'tem': 0.9935658535529897, 'consis-rate': 0.9935879594826103}
mean: 0.7885000000000001
[0.788 0.787 0.798 0.79  0.786 0.783 0.783 0.787 0.796 0.787]
cur_param: {'lr': 0.0024604592820689527, 'weight-decay': 0.0014780637040366549, 'dropout': 0.6913404221564419, 'patience': 135, 'lr-reduce-freq': 250, 'dim': 152, 'add-rate': 0.3890475155300743, 'tem': 1.0085522096326816, 'consis-rate': 0.9722454494722992}
mean: 0.789
[0.785 0.785 0.792 0.777 0.793 0.788 0.791 0.792 0.798 0.789]
cur_param: {'lr': 0.0024146559098565524, 'weight-decay': 0.0015275299947147478, 'dropout': 0.6998499813353625, 'patience': 150, 'lr-reduce-freq': 250, 'dim': 160, 'add-rate': 0.3963804375576457, 'tem': 1.0151698956319555, 'consis-rate': 1.0148444628198887}
mean: 0.7896000000000001
[0.785 0.785 0.794 0.783 0.791 0.786 0.795 0.791 0.795 0.791]
cur_param: {'lr': 0.00238473943286677, 'weight-decay': 0.0013637437281238402, 'dropout': 0.6876402546147844, 'patience': 135, 'lr-reduce-freq': 250, 'dim': 160, 'add-rate': 0.37111934319786377, 'tem': 1.0295620236233807, 'consis-rate': 0.9987046001772077}
mean: 0.7906
[0.784 0.789 0.794 0.783 0.791 0.784 0.802 0.788 0.799 0.792]
cur_param: {'lr': 0.002443753241352125, 'weight-decay': 0.0012410893704643147, 'dropout': 0.6897905702563714, 'patience': 135, 'lr-reduce-freq': 250, 'dim': 160, 'add-rate': 0.3682738565132537, 'tem': 1.0299900198068024, 'consis-rate': 0.9902282967740249}
mean: 0.7899
[0.786 0.787 0.791 0.787 0.794 0.78  0.798 0.791 0.797 0.788]
cur_param: {'lr': 0.00250182016587961, 'weight-decay': 0.0013589978405095938, 'dropout': 0.6951317551361674, 'patience': 135, 'lr-reduce-freq': 250, 'dim': 160, 'add-rate': 0.3753493297126677, 'tem': 1.0009481984742266, 'consis-rate': 1.005059324284193}
mean: 0.7885000000000002
[0.782 0.789 0.79  0.783 0.785 0.783 0.795 0.796 0.799 0.783]
cur_param: {'lr': 0.002474411889781557, 'weight-decay': 0.0013903247753869216, 'dropout': 0.6851332117809893, 'patience': 135, 'lr-reduce-freq': 250, 'dim': 120, 'add-rate': 0.37069285090999454, 'tem': 0.9970685528656097, 'consis-rate': 1.0233229284182201}
mean: 0.7866
[0.78  0.782 0.802 0.778 0.792 0.788 0.786 0.793 0.784 0.781]
cur_param: {'lr': 0.002382974913297999, 'weight-decay': 0.001454813875272192, 'dropout': 0.6922927451852231, 'patience': 150, 'lr-reduce-freq': 250, 'dim': 152, 'add-rate': 0.37836651296862583, 'tem': 0.9846624888906788, 'consis-rate': 1.0084481221225174}
mean: 0.7878000000000001
[0.782 0.79  0.786 0.774 0.794 0.782 0.788 0.792 0.798 0.792]
cur_param: {'lr': 0.0024054696628931856, 'weight-decay': 0.0016586248298483197, 'dropout': 0.6812603413776223, 'patience': 135, 'lr-reduce-freq': 250, 'dim': 160, 'add-rate': 0.3926581249217866, 'tem': 1.0106441805147848, 'consis-rate': 1.0114769230711294}
mean: 0.79
[0.793 0.784 0.793 0.785 0.79  0.785 0.796 0.792 0.794 0.788]
cur_param: {'lr': 0.0024353954713134105, 'weight-decay': 0.0015752729970239876, 'dropout': 0.6874921771010455, 'patience': 150, 'lr-reduce-freq': 250, 'dim': 160, 'add-rate': 0.31401264993306494, 'tem': 1.0193479980497406, 'consis-rate': 0.9870289647274049}
mean: 0.7895000000000001
[0.788 0.789 0.792 0.784 0.792 0.782 0.796 0.79  0.797 0.785]
cur_param: {'lr': 0.0024564838069832087, 'weight-decay': 0.0016292254821667449, 'dropout': 0.6967643683426304, 'patience': 150, 'lr-reduce-freq': 250, 'dim': 168, 'add-rate': 0.40059245194231574, 'tem': 1.0329024064837982, 'consis-rate': 0.9664806716884775}
mean: 0.7881
[0.784 0.786 0.795 0.788 0.789 0.785 0.782 0.786 0.797 0.789]
cur_param: {'lr': 0.002394362466971486, 'weight-decay': 0.0014867727184504568, 'dropout': 0.6890658371767303, 'patience': 150, 'lr-reduce-freq': 275, 'dim': 160, 'add-rate': 0.3820558098038024, 'tem': 0.9668664748559005, 'consis-rate': 1.02867997471009}
mean: 0.7901
[0.785 0.789 0.793 0.787 0.794 0.782 0.802 0.79  0.797 0.782]
cur_param: {'lr': 0.002491907029924497, 'weight-decay': 0.0013340251373148853, 'dropout': 0.6806378903834651, 'patience': 135, 'lr-reduce-freq': 250, 'dim': 152, 'add-rate': 0.36147674480300346, 'tem': 0.997591168605538, 'consis-rate': 0.9680960218353051}
mean: 0.7846
[0.787 0.782 0.79  0.77  0.791 0.782 0.787 0.775 0.796 0.786]
cur_param: {'lr': 0.002355888652219037, 'weight-decay': 0.0021536926759835547, 'dropout': 0.6859831083698973, 'patience': 180, 'lr-reduce-freq': 250, 'dim': 160, 'add-rate': 0.33370503351626357, 'tem': 1.1120214183452342, 'consis-rate': 1.1565912785248145}
mean: 0.7919
[0.79  0.785 0.796 0.794 0.791 0.784 0.797 0.797 0.798 0.787]
cur_param: {'lr': 0.002423180844042103, 'weight-decay': 0.0022046859387430708, 'dropout': 0.6852004585484383, 'patience': 180, 'lr-reduce-freq': 250, 'dim': 160, 'add-rate': 0.3333638692138119, 'tem': 1.1337600366513139, 'consis-rate': 1.001268791934022}
mean: 0.7888999999999999
[0.785 0.779 0.792 0.782 0.788 0.781 0.798 0.797 0.793 0.794]
cur_param: {'lr': 0.0023726651383833585, 'weight-decay': 0.0014507557271157422, 'dropout': 0.6923001732243599, 'patience': 180, 'lr-reduce-freq': 250, 'dim': 160, 'add-rate': 0.3280823580725296, 'tem': 1.0436921649150288, 'consis-rate': 0.9808027239513526}
mean: 0.7883
[0.782 0.779 0.79  0.784 0.793 0.786 0.797 0.796 0.795 0.781]
cur_param: {'lr': 0.002342191844615389, 'weight-decay': 0.0022850599393821618, 'dropout': 0.686880329699653, 'patience': 180, 'lr-reduce-freq': 250, 'dim': 160, 'add-rate': 0.37338813576188085, 'tem': 1.0274243598322512, 'consis-rate': 0.9970753736965078}
mean: 0.7876000000000001
[0.787 0.786 0.791 0.779 0.787 0.782 0.797 0.795 0.79  0.782]
cur_param: {'lr': 0.0024500559358178165, 'weight-decay': 0.0021510759793869003, 'dropout': 0.6957298655709275, 'patience': 180, 'lr-reduce-freq': 250, 'dim': 160, 'add-rate': 0.3539541238325781, 'tem': 0.9757660715021074, 'consis-rate': 0.957620550538017}
mean: 0.7899000000000002
[0.791 0.785 0.793 0.784 0.793 0.786 0.798 0.792 0.794 0.783]
cur_param: {'lr': 0.002359092728502944, 'weight-decay': 0.0017023083882940653, 'dropout': 0.6790103340619384, 'patience': 165, 'lr-reduce-freq': 250, 'dim': 160, 'add-rate': 0.3879968970208359, 'tem': 0.9901950555787223, 'consis-rate': 1.1558952880693945}
mean: 0.7891
[0.782 0.784 0.787 0.782 0.789 0.785 0.798 0.794 0.795 0.795]
cur_param: {'lr': 0.0025271503011662652, 'weight-decay': 0.002336173721271185, 'dropout': 0.683496740871718, 'patience': 150, 'lr-reduce-freq': 250, 'dim': 168, 'add-rate': 0.3210968185820501, 'tem': 1.0062872259364979, 'consis-rate': 1.1375198815131031}
mean: 0.7873000000000001
[0.785 0.788 0.797 0.791 0.784 0.779 0.782 0.788 0.791 0.788]
cur_param: {'lr': 0.0024119702613982267, 'weight-decay': 0.001601369257209433, 'dropout': 0.6918511082157915, 'patience': 180, 'lr-reduce-freq': 250, 'dim': 152, 'add-rate': 0.4534469983008066, 'tem': 1.121003254420851, 'consis-rate': 0.9334424741478504}
mean: 0.7883000000000001
[0.785 0.787 0.791 0.777 0.792 0.784 0.789 0.792 0.8   0.786]
cur_param: {'lr': 0.002325137797655433, 'weight-decay': 0.0014163113919698097, 'dropout': 0.5172628303835127, 'patience': 165, 'lr-reduce-freq': 250, 'dim': 160, 'add-rate': 0.36797758902379657, 'tem': 1.1422002570215857, 'consis-rate': 1.1682991367773832}
mean: 0.7883
[0.789 0.784 0.789 0.789 0.789 0.777 0.792 0.788 0.795 0.791]
cur_param: {'lr': 0.002474241727350308, 'weight-decay': 0.0021302234642649512, 'dropout': 0.6875186706789987, 'patience': 150, 'lr-reduce-freq': 250, 'dim': 168, 'add-rate': 0.37875024867166873, 'tem': 1.0158981934649813, 'consis-rate': 1.1521796468447805}
mean: 0.7878000000000001
[0.783 0.785 0.793 0.79  0.788 0.783 0.794 0.784 0.79  0.788]
cur_param: {'lr': 0.0023748861735998247, 'weight-decay': 0.001266489721668032, 'dropout': 0.6823944961506193, 'patience': 180, 'lr-reduce-freq': 250, 'dim': 160, 'add-rate': 0.33967034702862897, 'tem': 1.110958635583409, 'consis-rate': 1.1760821797413554}
mean: 0.7921
[0.794 0.788 0.794 0.786 0.794 0.789 0.801 0.787 0.795 0.793]
cur_param: {'lr': 0.0023846393045602494, 'weight-decay': 0.0011981718152300088, 'dropout': 0.6819644190311557, 'patience': 180, 'lr-reduce-freq': 250, 'dim': 160, 'add-rate': 0.3344257706050831, 'tem': 1.1012929995003458, 'consis-rate': 1.173675921951115}[32m[I 2022-06-20 17:57:25,173][0m Trial 172 finished with value: 0.7907 and parameters: {'lr': 0.0023846393045602494, 'weight_decay': 0.0011981718152300088, 'dropout': 0.6819644190311557, 'patience': 180, 'rf': 250, 'dim': 160, 'add-rate': 0.3344257706050831, 'tem': 1.1012929995003458, 'consis-rate': 1.173675921951115}. Best is trial 11 with value: 0.7921000000000001.[0m
[32m[I 2022-06-20 18:18:49,902][0m Trial 173 finished with value: 0.7884 and parameters: {'lr': 0.002373938671055381, 'weight_decay': 0.0011148493738324342, 'dropout': 0.6785683049173712, 'patience': 180, 'rf': 250, 'dim': 160, 'add-rate': 0.33573974214125535, 'tem': 1.1002133148306483, 'consis-rate': 1.1735435479610652}. Best is trial 11 with value: 0.7921000000000001.[0m
[32m[I 2022-06-20 18:42:11,430][0m Trial 174 finished with value: 0.7896000000000001 and parameters: {'lr': 0.0023435441344784817, 'weight_decay': 0.0012485098851705181, 'dropout': 0.683650345700069, 'patience': 180, 'rf': 250, 'dim': 160, 'add-rate': 0.33136331439918815, 'tem': 1.109888314965551, 'consis-rate': 1.1597758354838266}. Best is trial 11 with value: 0.7921000000000001.[0m
