[32m[I 2022-06-20 07:58:58,937][0m Trial 146 finished with value: 0.7911000000000001 and parameters: {'lr': 0.0024255592657724885, 'weight_decay': 0.0016485241893363603, 'dropout': 0.6909120347873666, 'patience': 135, 'rf': 250, 'dim': 160, 'add-rate': 0.3922376770787598, 'tem': 1.0147831281056934, 'consis-rate': 0.989868725633182}. Best is trial 11 with value: 0.7921000000000001.[0m

mean: 0.7894
[0.784 0.783 0.794 0.788 0.793 0.786 0.799 0.79  0.798 0.779]
cur_param: {'lr': 0.002354054507762025, 'weight-decay': 0.0017699602119473998, 'dropout': 0.6914848956700269, 'patience': 120, 'lr-reduce-freq': 250, 'dim': 160, 'add-rate': 0.3835557953924741, 'tem': 1.0598826019942575, 'consis-rate': 1.1930037103459998}
mean: 0.7908000000000002
[0.789 0.784 0.793 0.786 0.789 0.79  0.8   0.791 0.799 0.787]
cur_param: {'lr': 0.002340504002493837, 'weight-decay': 0.001793117195328892, 'dropout': 0.6917807461955338, 'patience': 120, 'lr-reduce-freq': 250, 'dim': 168, 'add-rate': 0.3883304071702119, 'tem': 1.0742101887951174, 'consis-rate': 1.1858198125614274}
mean: 0.7868
[0.782 0.784 0.786 0.792 0.787 0.784 0.787 0.784 0.794 0.788]
cur_param: {'lr': 0.00221969193600395, 'weight-decay': 0.0018576350893131652, 'dropout': 0.6750385384319563, 'patience': 120, 'lr-reduce-freq': 250, 'dim': 160, 'add-rate': 0.38443833580194514, 'tem': 1.0600085033363646, 'consis-rate': 1.1942904922137019}
mean: 0.7903
[0.784 0.787 0.794 0.791 0.784 0.784 0.796 0.796 0.792 0.795]
cur_param: {'lr': 0.0023525196170356266, 'weight-decay': 0.0016775383160801114, 'dropout': 0.6994815742210774, 'patience': 120, 'lr-reduce-freq': 250, 'dim': 160, 'add-rate': 0.3798749165929635, 'tem': 1.0979883943394166, 'consis-rate': 1.1995396576881887}
mean: 0.7895000000000001
[0.785 0.782 0.795 0.787 0.794 0.782 0.8   0.794 0.796 0.78 ]
cur_param: {'lr': 0.002259619713196528, 'weight-decay': 0.001762839824319308, 'dropout': 0.6831244813478946, 'patience': 105, 'lr-reduce-freq': 250, 'dim': 152, 'add-rate': 0.33264751531463604, 'tem': 1.126045652503997, 'consis-rate': 1.1696979899172086}
mean: 0.7874999999999999
[0.787 0.789 0.789 0.78  0.794 0.781 0.786 0.78  0.8   0.789]
cur_param: {'lr': 0.002146261575590498, 'weight-decay': 0.002226930958611777, 'dropout': 0.6909369635976493, 'patience': 90, 'lr-reduce-freq': 250, 'dim': 160, 'add-rate': 0.3725839683555076, 'tem': 1.0258925969364368, 'consis-rate': 1.178849937334197}
mean: 0.7874000000000001
[0.781 0.785 0.792 0.786 0.785 0.785 0.796 0.79  0.794 0.78 ]
cur_param: {'lr': 0.0023065702450101007, 'weight-decay': 0.0016292631583204814, 'dropout': 0.679711459582964, 'patience': 180, 'lr-reduce-freq': 250, 'dim': 168, 'add-rate': 0.32838970750178553, 'tem': 1.1520592624176473, 'consis-rate': 1.1546753432451917}
mean: 0.7884
[0.784 0.789 0.789 0.791 0.782 0.783 0.794 0.788 0.795 0.789]
cur_param: {'lr': 0.0023706568534613754, 'weight-decay': 0.0019513899236111088, 'dropout': 0.6710710096141796, 'patience': 75, 'lr-reduce-freq': 250, 'dim': 152, 'add-rate': 0.35052217816406467, 'tem': 0.915946456500034, 'consis-rate': 1.1893662847671902}
mean: 0.7839
[0.776 0.78  0.786 0.776 0.79  0.784 0.789 0.79  0.787 0.781]
cur_param: {'lr': 0.0020944934161661595, 'weight-decay': 0.0018576575632393197, 'dropout': 0.6876699605291716, 'patience': 120, 'lr-reduce-freq': 250, 'dim': 160, 'add-rate': 0.38470641980427034, 'tem': 1.057153652718679, 'consis-rate': 1.1906490805191607}
mean: 0.7859
[0.778 0.783 0.789 0.774 0.785 0.782 0.798 0.793 0.791 0.786]
cur_param: {'lr': 0.002223120058392768, 'weight-decay': 0.0018354373924517311, 'dropout': 0.6747613090858883, 'patience': 120, 'lr-reduce-freq': 250, 'dim': 160, 'add-rate': 0.39157084636592143, 'tem': 1.0630169965141203, 'consis-rate': 1.1837979651408397}
mean: 0.7881
[0.774 0.78  0.794 0.782 0.783 0.787 0.799 0.796 0.792 0.794]
cur_param: {'lr': 0.002182927187535952, 'weight-decay': 0.0018720474121441903, 'dropout': 0.6935584501923345, 'patience': 120, 'lr-reduce-freq': 250, 'dim': 160, 'add-rate': 0.37642203277384134, 'tem': 1.085256157794383, 'consis-rate': 1.1935168099858415}
mean: 0.7901
[0.787 0.79  0.793 0.789 0.786 0.78  0.803 0.788 0.798 0.787]
cur_param: {'lr': 0.0022326570035057446, 'weight-decay': 0.0017686982239215735, 'dropout': 0.6618999642241179, 'patience': 120, 'lr-reduce-freq': 250, 'dim': 160, 'add-rate': 0.36861512263631036, 'tem': 1.0444897157785014, 'consis-rate': 1.1716600133070934}
mean: 0.7879
[0.789 0.78  0.792 0.779 0.784 0.79  0.796 0.791 0.798 0.78 ]
cur_param: {'lr': 0.0022075128725880192, 'weight-decay': 0.002000049614768318, 'dropout': 0.6776067114247976, 'patience': 105, 'lr-reduce-freq': 275, 'dim': 168, 'add-rate': 0.402772032081447, 'tem': 1.1169147036663638, 'consis-rate': 1.1781410224703661}
mean: 0.7887000000000001
[0.784 0.788 0.799 0.789 0.791 0.783 0.786 0.787 0.793 0.787]
cur_param: {'lr': 0.0022686623231993374, 'weight-decay': 0.0016874406461155381, 'dropout': 0.6835881724797201, 'patience': 180, 'lr-reduce-freq': 250, 'dim': 152, 'add-rate': 0.38393543908967187, 'tem': 1.0366490601228249, 'consis-rate': 1.162432544288351}
mean: 0.7865
[0.785 0.788 0.788 0.782 0.794 0.784 0.782 0.787 0.791 0.784]
cur_param: {'lr': 0.0022863233144469934, 'weight-decay': 0.0021669653650085276, 'dropout': 0.6720938671840169, 'patience': 180, 'lr-reduce-freq': 250, 'dim': 160, 'add-rate': 0.33748866051192167, 'tem': 1.0759645786148766, 'consis-rate': 1.194307129101176}
mean: 0.7885000000000001
[0.78  0.781 0.792 0.775 0.791 0.792 0.795 0.798 0.793 0.788]
cur_param: {'lr': 0.002408919760654187, 'weight-decay': 0.002257248927363812, 'dropout': 0.6540532776342435, 'patience': 120, 'lr-reduce-freq': 250, 'dim': 168, 'add-rate': 0.378014122365157, 'tem': 1.0544350649552134, 'consis-rate': 1.1999763860718062}
mean: 0.7872
[0.786 0.787 0.785 0.78  0.789 0.784 0.792 0.784 0.795 0.79 ]
cur_param: {'lr': 0.002540856000695796, 'weight-decay': 0.0017247131454684232, 'dropout': 0.680450552878174, 'patience': 135, 'lr-reduce-freq': 250, 'dim': 160, 'add-rate': 0.3433958143047179, 'tem': 0.9762207392142556, 'consis-rate': 1.1485865045027934}
mean: 0.7879
[0.783 0.785 0.794 0.779 0.792 0.783 0.794 0.787 0.792 0.79 ]
cur_param: {'lr': 0.0023203661436243476, 'weight-decay': 0.0023231878154709317, 'dropout': 0.5901043354330222, 'patience': 165, 'lr-reduce-freq': 250, 'dim': 152, 'add-rate': 0.3230599691750063, 'tem': 1.0680013201477905, 'consis-rate': 1.169290817073613}
mean: 0.788
[0.781 0.785 0.792 0.784 0.795 0.787 0.792 0.789 0.79  0.785]
cur_param: {'lr': 0.002472449499209568, 'weight-decay': 0.002441711852835004, 'dropout': 0.6881508525406534, 'patience': 150, 'lr-reduce-freq': 250, 'dim': 160, 'add-rate': 0.3631561281552376, 'tem': 1.0056555899040551, 'consis-rate': 1.163534968448547}
mean: 0.7898000000000001
[0.789 0.787 0.791 0.791 0.785 0.785 0.801 0.786 0.795 0.788]
cur_param: {'lr': 0.0024467224779041756, 'weight-decay': 0.0014887280375009096, 'dropout': 0.6861562060099579, 'patience': 150, 'lr-reduce-freq': 250, 'dim': 160, 'add-rate': 0.37053225413072627, 'tem': 1.0183265724813173, 'consis-rate': 1.181895497335446}
mean: 0.7914000000000001
[0.791 0.786 0.791 0.79  0.789 0.788 0.799 0.796 0.796 0.788]
cur_param: {'lr': 0.0024903324881169623, 'weight-decay': 0.0015619276731043015, 'dropout': 0.6943141234609316, 'patience': 150, 'lr-reduce-freq': 250, 'dim': 160, 'add-rate': 0.3731104459176856, 'tem': 1.017921453672589, 'consis-rate': 1.1812750883948062}
mean: 0.7873
[0.779 0.783 0.793 0.781 0.786 0.789 0.797 0.788 0.793 0.784]
cur_param: {'lr': 0.002392701196623763, 'weight-decay': 0.00204927772838487, 'dropout': 0.6757844920023679, 'patience': 150, 'lr-reduce-freq': 250, 'dim': 160, 'add-rate': 0.3822499905983688, 'tem': 0.987318422066709, 'consis-rate': 1.1850150379481987}
mean: 0.7879
[0.785 0.783 0.793 0.782 0.788 0.784 0.797 0.788 0.792 0.787]
cur_param: {'lr': 0.00251840249677065, 'weight-decay': 0.0014211616823221376, 'dropout': 0.6845771303135951, 'patience': 180, 'lr-reduce-freq': 250, 'dim': 168, 'add-rate': 0.3656905742487501, 'tem': 1.0237007813691867, 'consis-rate': 1.1751001788661}
mean: 0.7854
[0.775 0.788 0.795 0.774 0.786 0.78  0.788 0.789 0.792 0.787]
cur_param: {'lr': 0.0024255592657724885, 'weight-decay': 0.0016485241893363603, 'dropout': 0.6909120347873666, 'patience': 135, 'lr-reduce-freq': 250, 'dim': 160, 'add-rate': 0.3922376770787598, 'tem': 1.0147831281056934, 'consis-rate': 0.989868725633182}
mean: 0.7911000000000001
[0.788 0.788 0.794 0.787 0.795 0.784 0.799 0.797 0.793 0.786]
cur_param: {'lr': 0.0024317873832913036, 'weight-decay': 0.001463238251900948, 'dropout': 0.6968141008624532, 'patience': 135, 'lr-reduce-freq': 250, 'dim': 160, 'add-rate': 0.39220998453327544, 'tem': 0.9947231696730465, 'consis-rate': 0.9980159278059986}[32m[I 2022-06-20 08:22:57,735][0m Trial 147 finished with value: 0.7905 and parameters: {'lr': 0.0024317873832913036, 'weight_decay': 0.001463238251900948, 'dropout': 0.6968141008624532, 'patience': 135, 'rf': 250, 'dim': 160, 'add-rate': 0.39220998453327544, 'tem': 0.9947231696730465, 'consis-rate': 0.9980159278059986}. Best is trial 11 with value: 0.7921000000000001.[0m
[32m[I 2022-06-20 08:47:28,827][0m Trial 148 finished with value: 0.7885000000000001 and parameters: {'lr': 0.0024292308279258525, 'weight_decay': 0.0015049473705242133, 'dropout': 0.6969584439007582, 'patience': 135, 'rf': 250, 'dim': 168, 'add-rate': 0.3918364862643451, 'tem': 0.9935658535529897, 'consis-rate': 0.9935879594826103}. Best is trial 11 with value: 0.7921000000000001.[0m
[32m[I 2022-06-20 09:13:00,841][0m Trial 149 finished with value: 0.789 and parameters: {'lr': 0.0024604592820689527, 'weight_decay': 0.0014780637040366549, 'dropout': 0.6913404221564419, 'patience': 135, 'rf': 250, 'dim': 152, 'add-rate': 0.3890475155300743, 'tem': 1.0085522096326816, 'consis-rate': 0.9722454494722992}. Best is trial 11 with value: 0.7921000000000001.[0m
[32m[I 2022-06-20 09:38:22,841][0m Trial 150 finished with value: 0.7896000000000001 and parameters: {'lr': 0.0024146559098565524, 'weight_decay': 0.0015275299947147478, 'dropout': 0.6998499813353625, 'patience': 150, 'rf': 250, 'dim': 160, 'add-rate': 0.3963804375576457, 'tem': 1.0151698956319555, 'consis-rate': 1.0148444628198887}. Best is trial 11 with value: 0.7921000000000001.[0m
[32m[I 2022-06-20 10:01:27,651][0m Trial 151 finished with value: 0.7906 and parameters: {'lr': 0.00238473943286677, 'weight_decay': 0.0013637437281238402, 'dropout': 0.6876402546147844, 'patience': 135, 'rf': 250, 'dim': 160, 'add-rate': 0.37111934319786377, 'tem': 1.0295620236233807, 'consis-rate': 0.9987046001772077}. Best is trial 11 with value: 0.7921000000000001.[0m
[32m[I 2022-06-20 10:24:46,889][0m Trial 152 finished with value: 0.7899 and parameters: {'lr': 0.002443753241352125, 'weight_decay': 0.0012410893704643147, 'dropout': 0.6897905702563714, 'patience': 135, 'rf': 250, 'dim': 160, 'add-rate': 0.3682738565132537, 'tem': 1.0299900198068024, 'consis-rate': 0.9902282967740249}. Best is trial 11 with value: 0.7921000000000001.[0m
[32m[I 2022-06-20 10:48:18,025][0m Trial 153 finished with value: 0.7885000000000002 and parameters: {'lr': 0.00250182016587961, 'weight_decay': 0.0013589978405095938, 'dropout': 0.6951317551361674, 'patience': 135, 'rf': 250, 'dim': 160, 'add-rate': 0.3753493297126677, 'tem': 1.0009481984742266, 'consis-rate': 1.005059324284193}. Best is trial 11 with value: 0.7921000000000001.[0m
[32m[I 2022-06-20 11:10:59,024][0m Trial 154 finished with value: 0.7866 and parameters: {'lr': 0.002474411889781557, 'weight_decay': 0.0013903247753869216, 'dropout': 0.6851332117809893, 'patience': 135, 'rf': 250, 'dim': 120, 'add-rate': 0.37069285090999454, 'tem': 0.9970685528656097, 'consis-rate': 1.0233229284182201}. Best is trial 11 with value: 0.7921000000000001.[0m
[32m[I 2022-06-20 11:39:25,457][0m Trial 155 finished with value: 0.7878000000000001 and parameters: {'lr': 0.002382974913297999, 'weight_decay': 0.001454813875272192, 'dropout': 0.6922927451852231, 'patience': 150, 'rf': 250, 'dim': 152, 'add-rate': 0.37836651296862583, 'tem': 0.9846624888906788, 'consis-rate': 1.0084481221225174}. Best is trial 11 with value: 0.7921000000000001.[0m
[32m[I 2022-06-20 12:01:22,099][0m Trial 156 finished with value: 0.79 and parameters: {'lr': 0.0024054696628931856, 'weight_decay': 0.0016586248298483197, 'dropout': 0.6812603413776223, 'patience': 135, 'rf': 250, 'dim': 160, 'add-rate': 0.3926581249217866, 'tem': 1.0106441805147848, 'consis-rate': 1.0114769230711294}. Best is trial 11 with value: 0.7921000000000001.[0m
[32m[I 2022-06-20 12:25:42,154][0m Trial 157 finished with value: 0.7895000000000001 and parameters: {'lr': 0.0024353954713134105, 'weight_decay': 0.0015752729970239876, 'dropout': 0.6874921771010455, 'patience': 150, 'rf': 250, 'dim': 160, 'add-rate': 0.31401264993306494, 'tem': 1.0193479980497406, 'consis-rate': 0.9870289647274049}. Best is trial 11 with value: 0.7921000000000001.[0m
[32m[I 2022-06-20 12:49:53,796][0m Trial 158 finished with value: 0.7881 and parameters: {'lr': 0.0024564838069832087, 'weight_decay': 0.0016292254821667449, 'dropout': 0.6967643683426304, 'patience': 150, 'rf': 250, 'dim': 168, 'add-rate': 0.40059245194231574, 'tem': 1.0329024064837982, 'consis-rate': 0.9664806716884775}. Best is trial 11 with value: 0.7921000000000001.[0m
[32m[I 2022-06-20 13:15:06,937][0m Trial 159 finished with value: 0.7901 and parameters: {'lr': 0.002394362466971486, 'weight_decay': 0.0014867727184504568, 'dropout': 0.6890658371767303, 'patience': 150, 'rf': 275, 'dim': 160, 'add-rate': 0.3820558098038024, 'tem': 0.9668664748559005, 'consis-rate': 1.02867997471009}. Best is trial 11 with value: 0.7921000000000001.[0m
[32m[I 2022-06-20 13:38:06,792][0m Trial 160 finished with value: 0.7846 and parameters: {'lr': 0.002491907029924497, 'weight_decay': 0.0013340251373148853, 'dropout': 0.6806378903834651, 'patience': 135, 'rf': 250, 'dim': 152, 'add-rate': 0.36147674480300346, 'tem': 0.997591168605538, 'consis-rate': 0.9680960218353051}. Best is trial 11 with value: 0.7921000000000001.[0m
[32m[I 2022-06-20 14:03:28,146][0m Trial 161 finished with value: 0.7919 and parameters: {'lr': 0.002355888652219037, 'weight_decay': 0.0021536926759835547, 'dropout': 0.6859831083698973, 'patience': 180, 'rf': 250, 'dim': 160, 'add-rate': 0.33370503351626357, 'tem': 1.1120214183452342, 'consis-rate': 1.1565912785248145}. Best is trial 11 with value: 0.7921000000000001.[0m
[32m[I 2022-06-20 14:29:30,951][0m Trial 162 finished with value: 0.7888999999999999 and parameters: {'lr': 0.002423180844042103, 'weight_decay': 0.0022046859387430708, 'dropout': 0.6852004585484383, 'patience': 180, 'rf': 250, 'dim': 160, 'add-rate': 0.3333638692138119, 'tem': 1.1337600366513139, 'consis-rate': 1.001268791934022}. Best is trial 11 with value: 0.7921000000000001.[0m
[32m[I 2022-06-20 14:54:57,433][0m Trial 163 finished with value: 0.7883 and parameters: {'lr': 0.0023726651383833585, 'weight_decay': 0.0014507557271157422, 'dropout': 0.6923001732243599, 'patience': 180, 'rf': 250, 'dim': 160, 'add-rate': 0.3280823580725296, 'tem': 1.0436921649150288, 'consis-rate': 0.9808027239513526}. Best is trial 11 with value: 0.7921000000000001.[0m
[32m[I 2022-06-20 15:17:15,752][0m Trial 164 finished with value: 0.7876000000000001 and parameters: {'lr': 0.002342191844615389, 'weight_decay': 0.0022850599393821618, 'dropout': 0.686880329699653, 'patience': 180, 'rf': 250, 'dim': 160, 'add-rate': 0.37338813576188085, 'tem': 1.0274243598322512, 'consis-rate': 0.9970753736965078}. Best is trial 11 with value: 0.7921000000000001.[0m
[32m[I 2022-06-20 15:33:32,681][0m Trial 165 finished with value: 0.7899000000000002 and parameters: {'lr': 0.0024500559358178165, 'weight_decay': 0.0021510759793869003, 'dropout': 0.6957298655709275, 'patience': 180, 'rf': 250, 'dim': 160, 'add-rate': 0.3539541238325781, 'tem': 0.9757660715021074, 'consis-rate': 0.957620550538017}. Best is trial 11 with value: 0.7921000000000001.[0m
[32m[I 2022-06-20 15:49:25,305][0m Trial 166 finished with value: 0.7891 and parameters: {'lr': 0.002359092728502944, 'weight_decay': 0.0017023083882940653, 'dropout': 0.6790103340619384, 'patience': 165, 'rf': 250, 'dim': 160, 'add-rate': 0.3879968970208359, 'tem': 0.9901950555787223, 'consis-rate': 1.1558952880693945}. Best is trial 11 with value: 0.7921000000000001.[0m
[32m[I 2022-06-20 16:05:23,345][0m Trial 167 finished with value: 0.7873000000000001 and parameters: {'lr': 0.0025271503011662652, 'weight_decay': 0.002336173721271185, 'dropout': 0.683496740871718, 'patience': 150, 'rf': 250, 'dim': 168, 'add-rate': 0.3210968185820501, 'tem': 1.0062872259364979, 'consis-rate': 1.1375198815131031}. Best is trial 11 with value: 0.7921000000000001.[0m
[32m[I 2022-06-20 16:25:13,759][0m Trial 168 finished with value: 0.7883000000000001 and parameters: {'lr': 0.0024119702613982267, 'weight_decay': 0.001601369257209433, 'dropout': 0.6918511082157915, 'patience': 180, 'rf': 250, 'dim': 152, 'add-rate': 0.4534469983008066, 'tem': 1.121003254420851, 'consis-rate': 0.9334424741478504}. Best is trial 11 with value: 0.7921000000000001.[0m
[32m[I 2022-06-20 16:44:56,277][0m Trial 169 finished with value: 0.7883 and parameters: {'lr': 0.002325137797655433, 'weight_decay': 0.0014163113919698097, 'dropout': 0.5172628303835127, 'patience': 165, 'rf': 250, 'dim': 160, 'add-rate': 0.36797758902379657, 'tem': 1.1422002570215857, 'consis-rate': 1.1682991367773832}. Best is trial 11 with value: 0.7921000000000001.[0m
[32m[I 2022-06-20 17:08:20,472][0m Trial 170 finished with value: 0.7878000000000001 and parameters: {'lr': 0.002474241727350308, 'weight_decay': 0.0021302234642649512, 'dropout': 0.6875186706789987, 'patience': 150, 'rf': 250, 'dim': 168, 'add-rate': 0.37875024867166873, 'tem': 1.0158981934649813, 'consis-rate': 1.1521796468447805}. Best is trial 11 with value: 0.7921000000000001.[0m
